<html>
<head>
<title>TestNG:  DSPortal Heroku Application tree Test Cases </title>
<link href="../testng.css" rel="stylesheet" type="text/css" />
<link href="../my-testng.css" rel="stylesheet" type="text/css" />

<style type="text/css">
.log { display: none;} 
.stack-trace { display: none;} 
</style>
<script type="text/javascript">
<!--
function flip(e) {
  current = e.style.display;
  if (current == 'block') {
    e.style.display = 'none';
    return 0;
  }
  else {
    e.style.display = 'block';
    return 1;
  }
}

function toggleBox(szDivId, elem, msg1, msg2)
{
  var res = -1;  if (document.getElementById) {
    res = flip(document.getElementById(szDivId));
  }
  else if (document.all) {
    // this is the way old msie versions work
    res = flip(document.all[szDivId]);
  }
  if(elem) {
    if(res == 0) elem.innerHTML = msg1; else elem.innerHTML = msg2;
  }

}

function toggleAllBoxes() {
  if (document.getElementsByTagName) {
    d = document.getElementsByTagName('div');
    for (i = 0; i < d.length; i++) {
      if (d[i].className == 'log') {
        flip(d[i]);
      }
    }
  }
}

// -->
</script>

</head>
<body>
<h2 align='center'>DSPortal Heroku Application tree Test Cases </h2><table border='1' align="center">
<tr>
<td>Tests passed/Failed/Skipped:</td><td>19/1/3</td>
</tr><tr>
<td>Started on:</td><td>Mon May 16 12:47:00 PDT 2022</td>
</tr>
<tr><td>Total time:</td><td>27 seconds (27961 ms)</td>
</tr><tr>
<td>Included groups:</td><td></td>
</tr><tr>
<td>Excluded groups:</td><td></td>
</tr>
</table><p/>
<small><i>(Hover the method name to see the test class name)</i></small><p/>
<table width='100%' border='1' class='invocation-failed'>
<tr><td colspan='4' align='center'><b>FAILED TESTS</b></td></tr>
<tr><td><b>Test method</b></td>
<td width="30%"><b>Exception</b></td>
<td width="10%"><b>Time (seconds)</b></td>
<td><b>Instance</b></td>
</tr>
<tr>
<td title='com.dsalgo.qa.testcases.TreeTest.treeTest()'><b>treeTest</b><br>Test class: com.dsalgo.qa.testcases.TreeTest<br>Test method: verifying tree page</td>
<td><div><pre>java.lang.AssertionError: expected [Tree12345] but found [Tree]
	at com.dsalgo.qa.testcases.TreeTest.treeTest(TreeTest.java:149)
	at java.base/java.util.ArrayList.forEach(ArrayList.java:1541)
... Removed 37 stack frames</pre></div><a href='#' onClick='toggleBox("stack-trace1236678463", this, "Click to show all stack frames", "Click to hide stack frames")'>Click to show all stack frames</a>
<div class='stack-trace' id='stack-trace1236678463'><pre>java.lang.AssertionError: expected [Tree12345] but found [Tree]
	at org.testng.Assert.fail(Assert.java:110)
	at org.testng.Assert.failNotEquals(Assert.java:1413)
	at org.testng.Assert.assertEqualsImpl(Assert.java:149)
	at org.testng.Assert.assertEquals(Assert.java:131)
	at org.testng.Assert.assertEquals(Assert.java:655)
	at org.testng.Assert.assertEquals(Assert.java:665)
	at com.dsalgo.qa.testcases.TreeTest.treeTest(TreeTest.java:149)
	at java.base/jdk.internal.reflect.NativeMethodAccessorImpl.invoke0(Native Method)
	at java.base/jdk.internal.reflect.NativeMethodAccessorImpl.invoke(NativeMethodAccessorImpl.java:62)
	at java.base/jdk.internal.reflect.DelegatingMethodAccessorImpl.invoke(DelegatingMethodAccessorImpl.java:43)
	at java.base/java.lang.reflect.Method.invoke(Method.java:566)
	at org.testng.internal.invokers.MethodInvocationHelper.invokeMethod(MethodInvocationHelper.java:135)
	at org.testng.internal.invokers.TestInvoker.invokeMethod(TestInvoker.java:673)
	at org.testng.internal.invokers.TestInvoker.retryFailed(TestInvoker.java:262)
	at org.testng.internal.invokers.MethodRunner.runInSequence(MethodRunner.java:62)
	at org.testng.internal.invokers.TestInvoker$MethodInvocationAgent.invoke(TestInvoker.java:945)
	at org.testng.internal.invokers.TestInvoker.invokeTestMethods(TestInvoker.java:193)
	at org.testng.internal.invokers.TestMethodWorker.invokeTestMethods(TestMethodWorker.java:146)
	at org.testng.internal.invokers.TestMethodWorker.run(TestMethodWorker.java:128)
	at java.base/java.util.ArrayList.forEach(ArrayList.java:1541)
	at org.testng.TestRunner.privateRun(TestRunner.java:808)
	at org.testng.TestRunner.run(TestRunner.java:603)
	at org.testng.SuiteRunner.runTest(SuiteRunner.java:429)
	at org.testng.SuiteRunner.runSequentially(SuiteRunner.java:423)
	at org.testng.SuiteRunner.privateRun(SuiteRunner.java:383)
	at org.testng.SuiteRunner.run(SuiteRunner.java:326)
	at org.testng.SuiteRunnerWorker.runSuite(SuiteRunnerWorker.java:52)
	at org.testng.SuiteRunnerWorker.run(SuiteRunnerWorker.java:95)
	at org.testng.TestNG.runSuitesSequentially(TestNG.java:1249)
	at org.testng.TestNG.runSuitesLocally(TestNG.java:1169)
	at org.testng.TestNG.runSuites(TestNG.java:1092)
	at org.testng.TestNG.run(TestNG.java:1060)
	at org.apache.maven.surefire.testng.TestNGExecutor.run(TestNGExecutor.java:324)
	at org.apache.maven.surefire.testng.TestNGXmlTestSuite.execute(TestNGXmlTestSuite.java:74)
	at org.apache.maven.surefire.testng.TestNGProvider.invoke(TestNGProvider.java:123)
	at org.apache.maven.surefire.booter.ForkedBooter.runSuitesInProcess(ForkedBooter.java:456)
	at org.apache.maven.surefire.booter.ForkedBooter.execute(ForkedBooter.java:169)
	at org.apache.maven.surefire.booter.ForkedBooter.run(ForkedBooter.java:595)
	at org.apache.maven.surefire.booter.ForkedBooter.main(ForkedBooter.java:581)
</pre></div></td>
<td>0</td>
<td>com.dsalgo.qa.testcases.TreeTest@3fd2322d</td></tr>
</table><p>
<table width='100%' border='1' class='invocation-passed'>
<tr><td colspan='4' align='center'><b>PASSED TESTS</b></td></tr>
<tr><td><b>Test method</b></td>
<td width="30%"><b>Exception</b></td>
<td width="10%"><b>Time (seconds)</b></td>
<td><b>Instance</b></td>
</tr>
<tr>
<td title='com.dsalgo.qa.testcases.TreeTest.link3EditorTest()'><b>link3EditorTest</b><br>Test class: com.dsalgo.qa.testcases.TreeTest</td>
<td></td>
<td>1</td>
<td>com.dsalgo.qa.testcases.TreeTest@3fd2322d</td></tr>
<tr>
<td title='com.dsalgo.qa.testcases.TreeTest.link2EditorTest()'><b>link2EditorTest</b><br>Test class: com.dsalgo.qa.testcases.TreeTest</td>
<td></td>
<td>0</td>
<td>com.dsalgo.qa.testcases.TreeTest@3fd2322d</td></tr>
<tr>
<td title='com.dsalgo.qa.testcases.TreeTest.portalTest()'><b>portalTest</b><br>Test class: com.dsalgo.qa.testcases.TreeTest<br>Test method: verifying portal page title test</td>
<td></td>
<td>1</td>
<td>com.dsalgo.qa.testcases.TreeTest@3fd2322d</td></tr>
<tr>
<td title='com.dsalgo.qa.testcases.TreeTest.loginTest()'><b>loginTest</b><br>Test class: com.dsalgo.qa.testcases.TreeTest<br>Test method: verifying login test<br>Parameters: NumpyNinja, QAAUTOMATION</td>
<td></td>
<td>0</td>
<td>com.dsalgo.qa.testcases.TreeTest@3fd2322d</td></tr>
<tr>
<td title='com.dsalgo.qa.testcases.TreeTest.treelink3Test()'><b>treelink3Test</b><br>Test class: com.dsalgo.qa.testcases.TreeTest</td>
<td></td>
<td>1</td>
<td>com.dsalgo.qa.testcases.TreeTest@3fd2322d</td></tr>
<tr>
<td title='com.dsalgo.qa.testcases.TreeTest.treelink7Test()'><b>treelink7Test</b><br>Test class: com.dsalgo.qa.testcases.TreeTest</td>
<td></td>
<td>1</td>
<td>com.dsalgo.qa.testcases.TreeTest@3fd2322d</td></tr>
<tr>
<td title='com.dsalgo.qa.testcases.TreeTest.treelink6Test()'><b>treelink6Test</b><br>Test class: com.dsalgo.qa.testcases.TreeTest</td>
<td></td>
<td>1</td>
<td>com.dsalgo.qa.testcases.TreeTest@3fd2322d</td></tr>
<tr>
<td title='com.dsalgo.qa.testcases.TreeTest.link7EditorTest()'><b>link7EditorTest</b><br>Test class: com.dsalgo.qa.testcases.TreeTest</td>
<td></td>
<td>0</td>
<td>com.dsalgo.qa.testcases.TreeTest@3fd2322d</td></tr>
<tr>
<td title='com.dsalgo.qa.testcases.TreeTest.link8EditorTest()'><b>link8EditorTest</b><br>Test class: com.dsalgo.qa.testcases.TreeTest</td>
<td></td>
<td>0</td>
<td>com.dsalgo.qa.testcases.TreeTest@3fd2322d</td></tr>
<tr>
<td title='com.dsalgo.qa.testcases.TreeTest.loginTest()'><b>loginTest</b><br>Test class: com.dsalgo.qa.testcases.TreeTest<br>Test method: verifying login test<br>Parameters: NimpyNinja, QAAUTOMATION</td>
<td></td>
<td>1</td>
<td>com.dsalgo.qa.testcases.TreeTest@3fd2322d</td></tr>
<tr>
<td title='com.dsalgo.qa.testcases.TreeTest.treelink4Test()'><b>treelink4Test</b><br>Test class: com.dsalgo.qa.testcases.TreeTest</td>
<td></td>
<td>1</td>
<td>com.dsalgo.qa.testcases.TreeTest@3fd2322d</td></tr>
<tr>
<td title='com.dsalgo.qa.testcases.TreeTest.treelink5Test()'><b>treelink5Test</b><br>Test class: com.dsalgo.qa.testcases.TreeTest</td>
<td></td>
<td>1</td>
<td>com.dsalgo.qa.testcases.TreeTest@3fd2322d</td></tr>
<tr>
<td title='com.dsalgo.qa.testcases.TreeTest.link1EditorTest()'><b>link1EditorTest</b><br>Test class: com.dsalgo.qa.testcases.TreeTest</td>
<td></td>
<td>0</td>
<td>com.dsalgo.qa.testcases.TreeTest@3fd2322d</td></tr>
<tr>
<td title='com.dsalgo.qa.testcases.TreeTest.treeLink1Test()'><b>treeLink1Test</b><br>Test class: com.dsalgo.qa.testcases.TreeTest</td>
<td></td>
<td>1</td>
<td>com.dsalgo.qa.testcases.TreeTest@3fd2322d</td></tr>
<tr>
<td title='com.dsalgo.qa.testcases.TreeTest.treelink2Test()'><b>treelink2Test</b><br>Test class: com.dsalgo.qa.testcases.TreeTest</td>
<td></td>
<td>0</td>
<td>com.dsalgo.qa.testcases.TreeTest@3fd2322d</td></tr>
<tr>
<td title='com.dsalgo.qa.testcases.TreeTest.treelink8Test()'><b>treelink8Test</b><br>Test class: com.dsalgo.qa.testcases.TreeTest</td>
<td></td>
<td>1</td>
<td>com.dsalgo.qa.testcases.TreeTest@3fd2322d</td></tr>
<tr>
<td title='com.dsalgo.qa.testcases.TreeTest.link5EditorTest()'><b>link5EditorTest</b><br>Test class: com.dsalgo.qa.testcases.TreeTest</td>
<td></td>
<td>1</td>
<td>com.dsalgo.qa.testcases.TreeTest@3fd2322d</td></tr>
<tr>
<td title='com.dsalgo.qa.testcases.TreeTest.link6EditorTest()'><b>link6EditorTest</b><br>Test class: com.dsalgo.qa.testcases.TreeTest</td>
<td></td>
<td>0</td>
<td>com.dsalgo.qa.testcases.TreeTest@3fd2322d</td></tr>
<tr>
<td title='com.dsalgo.qa.testcases.TreeTest.link4EditorTest()'><b>link4EditorTest</b><br>Test class: com.dsalgo.qa.testcases.TreeTest</td>
<td></td>
<td>0</td>
<td>com.dsalgo.qa.testcases.TreeTest@3fd2322d</td></tr>
</table><p>
<table width='100%' border='1' class='invocation-skipped'>
<tr><td colspan='4' align='center'><b>SKIPPED TESTS</b></td></tr>
<tr><td><b>Test method</b></td>
<td width="30%"><b>Exception</b></td>
<td width="10%"><b>Time (seconds)</b></td>
<td><b>Instance</b></td>
</tr>
<tr>
<td title='com.dsalgo.qa.testcases.TreeTest.treeTest()'><b>treeTest</b><br>Test class: com.dsalgo.qa.testcases.TreeTest<br>Test method: verifying tree page</td>
<td><div><pre>java.lang.AssertionError: expected [Tree12345] but found [Tree]
	at com.dsalgo.qa.testcases.TreeTest.treeTest(TreeTest.java:149)
	at java.base/java.util.ArrayList.forEach(ArrayList.java:1541)
... Removed 37 stack frames</pre></div><a href='#' onClick='toggleBox("stack-trace1089419359", this, "Click to show all stack frames", "Click to hide stack frames")'>Click to show all stack frames</a>
<div class='stack-trace' id='stack-trace1089419359'><pre>java.lang.AssertionError: expected [Tree12345] but found [Tree]
	at org.testng.Assert.fail(Assert.java:110)
	at org.testng.Assert.failNotEquals(Assert.java:1413)
	at org.testng.Assert.assertEqualsImpl(Assert.java:149)
	at org.testng.Assert.assertEquals(Assert.java:131)
	at org.testng.Assert.assertEquals(Assert.java:655)
	at org.testng.Assert.assertEquals(Assert.java:665)
	at com.dsalgo.qa.testcases.TreeTest.treeTest(TreeTest.java:149)
	at java.base/jdk.internal.reflect.NativeMethodAccessorImpl.invoke0(Native Method)
	at java.base/jdk.internal.reflect.NativeMethodAccessorImpl.invoke(NativeMethodAccessorImpl.java:62)
	at java.base/jdk.internal.reflect.DelegatingMethodAccessorImpl.invoke(DelegatingMethodAccessorImpl.java:43)
	at java.base/java.lang.reflect.Method.invoke(Method.java:566)
	at org.testng.internal.invokers.MethodInvocationHelper.invokeMethod(MethodInvocationHelper.java:135)
	at org.testng.internal.invokers.TestInvoker.invokeMethod(TestInvoker.java:673)
	at org.testng.internal.invokers.TestInvoker.retryFailed(TestInvoker.java:262)
	at org.testng.internal.invokers.MethodRunner.runInSequence(MethodRunner.java:62)
	at org.testng.internal.invokers.TestInvoker$MethodInvocationAgent.invoke(TestInvoker.java:945)
	at org.testng.internal.invokers.TestInvoker.invokeTestMethods(TestInvoker.java:193)
	at org.testng.internal.invokers.TestMethodWorker.invokeTestMethods(TestMethodWorker.java:146)
	at org.testng.internal.invokers.TestMethodWorker.run(TestMethodWorker.java:128)
	at java.base/java.util.ArrayList.forEach(ArrayList.java:1541)
	at org.testng.TestRunner.privateRun(TestRunner.java:808)
	at org.testng.TestRunner.run(TestRunner.java:603)
	at org.testng.SuiteRunner.runTest(SuiteRunner.java:429)
	at org.testng.SuiteRunner.runSequentially(SuiteRunner.java:423)
	at org.testng.SuiteRunner.privateRun(SuiteRunner.java:383)
	at org.testng.SuiteRunner.run(SuiteRunner.java:326)
	at org.testng.SuiteRunnerWorker.runSuite(SuiteRunnerWorker.java:52)
	at org.testng.SuiteRunnerWorker.run(SuiteRunnerWorker.java:95)
	at org.testng.TestNG.runSuitesSequentially(TestNG.java:1249)
	at org.testng.TestNG.runSuitesLocally(TestNG.java:1169)
	at org.testng.TestNG.runSuites(TestNG.java:1092)
	at org.testng.TestNG.run(TestNG.java:1060)
	at org.apache.maven.surefire.testng.TestNGExecutor.run(TestNGExecutor.java:324)
	at org.apache.maven.surefire.testng.TestNGXmlTestSuite.execute(TestNGXmlTestSuite.java:74)
	at org.apache.maven.surefire.testng.TestNGProvider.invoke(TestNGProvider.java:123)
	at org.apache.maven.surefire.booter.ForkedBooter.runSuitesInProcess(ForkedBooter.java:456)
	at org.apache.maven.surefire.booter.ForkedBooter.execute(ForkedBooter.java:169)
	at org.apache.maven.surefire.booter.ForkedBooter.run(ForkedBooter.java:595)
	at org.apache.maven.surefire.booter.ForkedBooter.main(ForkedBooter.java:581)
</pre></div></td>
<td>0</td>
<td>com.dsalgo.qa.testcases.TreeTest@3fd2322d</td></tr>
<tr>
<td title='com.dsalgo.qa.testcases.TreeTest.treeTest()'><b>treeTest</b><br>Test class: com.dsalgo.qa.testcases.TreeTest<br>Test method: verifying tree page</td>
<td><div><pre>java.lang.AssertionError: expected [Tree12345] but found [Tree]
	at com.dsalgo.qa.testcases.TreeTest.treeTest(TreeTest.java:149)
	at java.base/java.util.ArrayList.forEach(ArrayList.java:1541)
... Removed 37 stack frames</pre></div><a href='#' onClick='toggleBox("stack-trace826445686", this, "Click to show all stack frames", "Click to hide stack frames")'>Click to show all stack frames</a>
<div class='stack-trace' id='stack-trace826445686'><pre>java.lang.AssertionError: expected [Tree12345] but found [Tree]
	at org.testng.Assert.fail(Assert.java:110)
	at org.testng.Assert.failNotEquals(Assert.java:1413)
	at org.testng.Assert.assertEqualsImpl(Assert.java:149)
	at org.testng.Assert.assertEquals(Assert.java:131)
	at org.testng.Assert.assertEquals(Assert.java:655)
	at org.testng.Assert.assertEquals(Assert.java:665)
	at com.dsalgo.qa.testcases.TreeTest.treeTest(TreeTest.java:149)
	at java.base/jdk.internal.reflect.NativeMethodAccessorImpl.invoke0(Native Method)
	at java.base/jdk.internal.reflect.NativeMethodAccessorImpl.invoke(NativeMethodAccessorImpl.java:62)
	at java.base/jdk.internal.reflect.DelegatingMethodAccessorImpl.invoke(DelegatingMethodAccessorImpl.java:43)
	at java.base/java.lang.reflect.Method.invoke(Method.java:566)
	at org.testng.internal.invokers.MethodInvocationHelper.invokeMethod(MethodInvocationHelper.java:135)
	at org.testng.internal.invokers.TestInvoker.invokeMethod(TestInvoker.java:673)
	at org.testng.internal.invokers.TestInvoker.invokeTestMethod(TestInvoker.java:220)
	at org.testng.internal.invokers.MethodRunner.runInSequence(MethodRunner.java:50)
	at org.testng.internal.invokers.TestInvoker$MethodInvocationAgent.invoke(TestInvoker.java:945)
	at org.testng.internal.invokers.TestInvoker.invokeTestMethods(TestInvoker.java:193)
	at org.testng.internal.invokers.TestMethodWorker.invokeTestMethods(TestMethodWorker.java:146)
	at org.testng.internal.invokers.TestMethodWorker.run(TestMethodWorker.java:128)
	at java.base/java.util.ArrayList.forEach(ArrayList.java:1541)
	at org.testng.TestRunner.privateRun(TestRunner.java:808)
	at org.testng.TestRunner.run(TestRunner.java:603)
	at org.testng.SuiteRunner.runTest(SuiteRunner.java:429)
	at org.testng.SuiteRunner.runSequentially(SuiteRunner.java:423)
	at org.testng.SuiteRunner.privateRun(SuiteRunner.java:383)
	at org.testng.SuiteRunner.run(SuiteRunner.java:326)
	at org.testng.SuiteRunnerWorker.runSuite(SuiteRunnerWorker.java:52)
	at org.testng.SuiteRunnerWorker.run(SuiteRunnerWorker.java:95)
	at org.testng.TestNG.runSuitesSequentially(TestNG.java:1249)
	at org.testng.TestNG.runSuitesLocally(TestNG.java:1169)
	at org.testng.TestNG.runSuites(TestNG.java:1092)
	at org.testng.TestNG.run(TestNG.java:1060)
	at org.apache.maven.surefire.testng.TestNGExecutor.run(TestNGExecutor.java:324)
	at org.apache.maven.surefire.testng.TestNGXmlTestSuite.execute(TestNGXmlTestSuite.java:74)
	at org.apache.maven.surefire.testng.TestNGProvider.invoke(TestNGProvider.java:123)
	at org.apache.maven.surefire.booter.ForkedBooter.runSuitesInProcess(ForkedBooter.java:456)
	at org.apache.maven.surefire.booter.ForkedBooter.execute(ForkedBooter.java:169)
	at org.apache.maven.surefire.booter.ForkedBooter.run(ForkedBooter.java:595)
	at org.apache.maven.surefire.booter.ForkedBooter.main(ForkedBooter.java:581)
</pre></div></td>
<td>0</td>
<td>com.dsalgo.qa.testcases.TreeTest@3fd2322d</td></tr>
<tr>
<td title='com.dsalgo.qa.testcases.TreeTest.treeTest()'><b>treeTest</b><br>Test class: com.dsalgo.qa.testcases.TreeTest<br>Test method: verifying tree page</td>
<td><div><pre>java.lang.AssertionError: expected [Tree12345] but found [Tree]
	at com.dsalgo.qa.testcases.TreeTest.treeTest(TreeTest.java:149)
	at java.base/java.util.ArrayList.forEach(ArrayList.java:1541)
... Removed 37 stack frames</pre></div><a href='#' onClick='toggleBox("stack-trace754546805", this, "Click to show all stack frames", "Click to hide stack frames")'>Click to show all stack frames</a>
<div class='stack-trace' id='stack-trace754546805'><pre>java.lang.AssertionError: expected [Tree12345] but found [Tree]
	at org.testng.Assert.fail(Assert.java:110)
	at org.testng.Assert.failNotEquals(Assert.java:1413)
	at org.testng.Assert.assertEqualsImpl(Assert.java:149)
	at org.testng.Assert.assertEquals(Assert.java:131)
	at org.testng.Assert.assertEquals(Assert.java:655)
	at org.testng.Assert.assertEquals(Assert.java:665)
	at com.dsalgo.qa.testcases.TreeTest.treeTest(TreeTest.java:149)
	at java.base/jdk.internal.reflect.NativeMethodAccessorImpl.invoke0(Native Method)
	at java.base/jdk.internal.reflect.NativeMethodAccessorImpl.invoke(NativeMethodAccessorImpl.java:62)
	at java.base/jdk.internal.reflect.DelegatingMethodAccessorImpl.invoke(DelegatingMethodAccessorImpl.java:43)
	at java.base/java.lang.reflect.Method.invoke(Method.java:566)
	at org.testng.internal.invokers.MethodInvocationHelper.invokeMethod(MethodInvocationHelper.java:135)
	at org.testng.internal.invokers.TestInvoker.invokeMethod(TestInvoker.java:673)
	at org.testng.internal.invokers.TestInvoker.retryFailed(TestInvoker.java:262)
	at org.testng.internal.invokers.MethodRunner.runInSequence(MethodRunner.java:62)
	at org.testng.internal.invokers.TestInvoker$MethodInvocationAgent.invoke(TestInvoker.java:945)
	at org.testng.internal.invokers.TestInvoker.invokeTestMethods(TestInvoker.java:193)
	at org.testng.internal.invokers.TestMethodWorker.invokeTestMethods(TestMethodWorker.java:146)
	at org.testng.internal.invokers.TestMethodWorker.run(TestMethodWorker.java:128)
	at java.base/java.util.ArrayList.forEach(ArrayList.java:1541)
	at org.testng.TestRunner.privateRun(TestRunner.java:808)
	at org.testng.TestRunner.run(TestRunner.java:603)
	at org.testng.SuiteRunner.runTest(SuiteRunner.java:429)
	at org.testng.SuiteRunner.runSequentially(SuiteRunner.java:423)
	at org.testng.SuiteRunner.privateRun(SuiteRunner.java:383)
	at org.testng.SuiteRunner.run(SuiteRunner.java:326)
	at org.testng.SuiteRunnerWorker.runSuite(SuiteRunnerWorker.java:52)
	at org.testng.SuiteRunnerWorker.run(SuiteRunnerWorker.java:95)
	at org.testng.TestNG.runSuitesSequentially(TestNG.java:1249)
	at org.testng.TestNG.runSuitesLocally(TestNG.java:1169)
	at org.testng.TestNG.runSuites(TestNG.java:1092)
	at org.testng.TestNG.run(TestNG.java:1060)
	at org.apache.maven.surefire.testng.TestNGExecutor.run(TestNGExecutor.java:324)
	at org.apache.maven.surefire.testng.TestNGXmlTestSuite.execute(TestNGXmlTestSuite.java:74)
	at org.apache.maven.surefire.testng.TestNGProvider.invoke(TestNGProvider.java:123)
	at org.apache.maven.surefire.booter.ForkedBooter.runSuitesInProcess(ForkedBooter.java:456)
	at org.apache.maven.surefire.booter.ForkedBooter.execute(ForkedBooter.java:169)
	at org.apache.maven.surefire.booter.ForkedBooter.run(ForkedBooter.java:595)
	at org.apache.maven.surefire.booter.ForkedBooter.main(ForkedBooter.java:581)
</pre></div></td>
<td>0</td>
<td>com.dsalgo.qa.testcases.TreeTest@3fd2322d</td></tr>
</table><p>
</body>
</html>