<?xml version="1.0" encoding="UTF-8"?>
<testsuite xmlns:xsi="http://www.w3.org/2001/XMLSchema-instance" xsi:noNamespaceSchemaLocation="https://maven.apache.org/surefire/maven-surefire-plugin/xsd/surefire-test-report-3.0.xsd" version="3.0" name="TestSuite" time="57.944" tests="27" errors="0" skipped="3" failures="1">
  <properties>
    <property name="gopherProxySet" value="false"/>
    <property name="awt.toolkit" value="sun.lwawt.macosx.LWCToolkit"/>
    <property name="java.specification.version" value="11"/>
    <property name="webdriver.chrome.driver" value="/Users/shwethamohanpulle/Documents/Projects/Chromedriver/chromedriver"/>
    <property name="sun.cpu.isalist" value=""/>
    <property name="sun.jnu.encoding" value="UTF-8"/>
    <property name="java.class.path" value="/Users/shwethamohanpulle/Documents/Projects/DSportalApplication/target/test-classes:/Users/shwethamohanpulle/Documents/Projects/DSportalApplication/target/classes:/Users/shwethamohanpulle/.m2/repository/org/seleniumhq/selenium/selenium-java/4.1.2/selenium-java-4.1.2.jar:/Users/shwethamohanpulle/.m2/repository/org/seleniumhq/selenium/selenium-api/4.1.2/selenium-api-4.1.2.jar:/Users/shwethamohanpulle/.m2/repository/org/seleniumhq/selenium/selenium-chrome-driver/4.1.2/selenium-chrome-driver-4.1.2.jar:/Users/shwethamohanpulle/.m2/repository/com/google/auto/service/auto-service-annotations/1.0.1/auto-service-annotations-1.0.1.jar:/Users/shwethamohanpulle/.m2/repository/com/google/auto/service/auto-service/1.0.1/auto-service-1.0.1.jar:/Users/shwethamohanpulle/.m2/repository/com/google/auto/auto-common/1.2/auto-common-1.2.jar:/Users/shwethamohanpulle/.m2/repository/com/google/guava/guava/31.0.1-jre/guava-31.0.1-jre.jar:/Users/shwethamohanpulle/.m2/repository/com/google/guava/failureaccess/1.0.1/failureaccess-1.0.1.jar:/Users/shwethamohanpulle/.m2/repository/com/google/guava/listenablefuture/9999.0-empty-to-avoid-conflict-with-guava/listenablefuture-9999.0-empty-to-avoid-conflict-with-guava.jar:/Users/shwethamohanpulle/.m2/repository/org/checkerframework/checker-qual/3.12.0/checker-qual-3.12.0.jar:/Users/shwethamohanpulle/.m2/repository/com/google/errorprone/error_prone_annotations/2.7.1/error_prone_annotations-2.7.1.jar:/Users/shwethamohanpulle/.m2/repository/com/google/j2objc/j2objc-annotations/1.3/j2objc-annotations-1.3.jar:/Users/shwethamohanpulle/.m2/repository/org/seleniumhq/selenium/selenium-chromium-driver/4.1.2/selenium-chromium-driver-4.1.2.jar:/Users/shwethamohanpulle/.m2/repository/org/seleniumhq/selenium/selenium-json/4.1.2/selenium-json-4.1.2.jar:/Users/shwethamohanpulle/.m2/repository/org/seleniumhq/selenium/selenium-devtools-v85/4.1.2/selenium-devtools-v85-4.1.2.jar:/Users/shwethamohanpulle/.m2/repository/org/seleniumhq/selenium/selenium-devtools-v95/4.1.2/selenium-devtools-v95-4.1.2.jar:/Users/shwethamohanpulle/.m2/repository/org/seleniumhq/selenium/selenium-devtools-v96/4.1.2/selenium-devtools-v96-4.1.2.jar:/Users/shwethamohanpulle/.m2/repository/org/seleniumhq/selenium/selenium-devtools-v97/4.1.2/selenium-devtools-v97-4.1.2.jar:/Users/shwethamohanpulle/.m2/repository/org/seleniumhq/selenium/selenium-edge-driver/4.1.2/selenium-edge-driver-4.1.2.jar:/Users/shwethamohanpulle/.m2/repository/org/seleniumhq/selenium/selenium-firefox-driver/4.1.2/selenium-firefox-driver-4.1.2.jar:/Users/shwethamohanpulle/.m2/repository/org/seleniumhq/selenium/selenium-firefox-xpi-driver/4.1.2/selenium-firefox-xpi-driver-4.1.2.jar:/Users/shwethamohanpulle/.m2/repository/org/seleniumhq/selenium/selenium-ie-driver/4.1.2/selenium-ie-driver-4.1.2.jar:/Users/shwethamohanpulle/.m2/repository/org/seleniumhq/selenium/selenium-opera-driver/4.1.2/selenium-opera-driver-4.1.2.jar:/Users/shwethamohanpulle/.m2/repository/org/seleniumhq/selenium/selenium-remote-driver/4.1.2/selenium-remote-driver-4.1.2.jar:/Users/shwethamohanpulle/.m2/repository/io/netty/netty-buffer/4.1.73.Final/netty-buffer-4.1.73.Final.jar:/Users/shwethamohanpulle/.m2/repository/io/netty/netty-codec-http/4.1.73.Final/netty-codec-http-4.1.73.Final.jar:/Users/shwethamohanpulle/.m2/repository/io/netty/netty-codec/4.1.73.Final/netty-codec-4.1.73.Final.jar:/Users/shwethamohanpulle/.m2/repository/io/netty/netty-handler/4.1.73.Final/netty-handler-4.1.73.Final.jar:/Users/shwethamohanpulle/.m2/repository/io/netty/netty-tcnative-classes/2.0.46.Final/netty-tcnative-classes-2.0.46.Final.jar:/Users/shwethamohanpulle/.m2/repository/io/netty/netty-common/4.1.73.Final/netty-common-4.1.73.Final.jar:/Users/shwethamohanpulle/.m2/repository/io/netty/netty-transport-classes-epoll/4.1.73.Final/netty-transport-classes-epoll-4.1.73.Final.jar:/Users/shwethamohanpulle/.m2/repository/io/netty/netty-transport-classes-kqueue/4.1.73.Final/netty-transport-classes-kqueue-4.1.73.Final.jar:/Users/shwethamohanpulle/.m2/repository/io/netty/netty-transport-native-epoll/4.1.73.Final/netty-transport-native-epoll-4.1.73.Final.jar:/Users/shwethamohanpulle/.m2/repository/io/netty/netty-transport-native-kqueue/4.1.73.Final/netty-transport-native-kqueue-4.1.73.Final.jar:/Users/shwethamohanpulle/.m2/repository/io/netty/netty-transport-native-unix-common/4.1.73.Final/netty-transport-native-unix-common-4.1.73.Final.jar:/Users/shwethamohanpulle/.m2/repository/io/netty/netty-transport/4.1.73.Final/netty-transport-4.1.73.Final.jar:/Users/shwethamohanpulle/.m2/repository/io/netty/netty-resolver/4.1.73.Final/netty-resolver-4.1.73.Final.jar:/Users/shwethamohanpulle/.m2/repository/io/opentelemetry/opentelemetry-api/1.10.1/opentelemetry-api-1.10.1.jar:/Users/shwethamohanpulle/.m2/repository/io/opentelemetry/opentelemetry-context/1.10.1/opentelemetry-context-1.10.1.jar:/Users/shwethamohanpulle/.m2/repository/io/opentelemetry/opentelemetry-exporter-logging/1.10.1/opentelemetry-exporter-logging-1.10.1.jar:/Users/shwethamohanpulle/.m2/repository/io/opentelemetry/opentelemetry-sdk-metrics/1.10.1-alpha/opentelemetry-sdk-metrics-1.10.1-alpha.jar:/Users/shwethamohanpulle/.m2/repository/io/opentelemetry/opentelemetry-sdk-logs/1.10.1-alpha/opentelemetry-sdk-logs-1.10.1-alpha.jar:/Users/shwethamohanpulle/.m2/repository/io/opentelemetry/opentelemetry-sdk-common/1.10.1/opentelemetry-sdk-common-1.10.1.jar:/Users/shwethamohanpulle/.m2/repository/io/opentelemetry/opentelemetry-sdk-extension-autoconfigure-spi/1.10.1/opentelemetry-sdk-extension-autoconfigure-spi-1.10.1.jar:/Users/shwethamohanpulle/.m2/repository/io/opentelemetry/opentelemetry-sdk-extension-autoconfigure/1.10.1-alpha/opentelemetry-sdk-extension-autoconfigure-1.10.1-alpha.jar:/Users/shwethamohanpulle/.m2/repository/io/opentelemetry/opentelemetry-sdk-trace/1.10.1/opentelemetry-sdk-trace-1.10.1.jar:/Users/shwethamohanpulle/.m2/repository/io/opentelemetry/opentelemetry-sdk/1.10.1/opentelemetry-sdk-1.10.1.jar:/Users/shwethamohanpulle/.m2/repository/io/opentelemetry/opentelemetry-semconv/1.10.1-alpha/opentelemetry-semconv-1.10.1-alpha.jar:/Users/shwethamohanpulle/.m2/repository/io/ous/jtoml/2.0.0/jtoml-2.0.0.jar:/Users/shwethamohanpulle/.m2/repository/net/bytebuddy/byte-buddy/1.12.7/byte-buddy-1.12.7.jar:/Users/shwethamohanpulle/.m2/repository/org/apache/commons/commons-exec/1.3/commons-exec-1.3.jar:/Users/shwethamohanpulle/.m2/repository/org/asynchttpclient/async-http-client/2.12.3/async-http-client-2.12.3.jar:/Users/shwethamohanpulle/.m2/repository/org/asynchttpclient/async-http-client-netty-utils/2.12.3/async-http-client-netty-utils-2.12.3.jar:/Users/shwethamohanpulle/.m2/repository/io/netty/netty-codec-socks/4.1.60.Final/netty-codec-socks-4.1.60.Final.jar:/Users/shwethamohanpulle/.m2/repository/io/netty/netty-handler-proxy/4.1.60.Final/netty-handler-proxy-4.1.60.Final.jar:/Users/shwethamohanpulle/.m2/repository/io/netty/netty-transport-native-epoll/4.1.60.Final/netty-transport-native-epoll-4.1.60.Final-linux-x86_64.jar:/Users/shwethamohanpulle/.m2/repository/io/netty/netty-transport-native-kqueue/4.1.60.Final/netty-transport-native-kqueue-4.1.60.Final-osx-x86_64.jar:/Users/shwethamohanpulle/.m2/repository/org/reactivestreams/reactive-streams/1.0.3/reactive-streams-1.0.3.jar:/Users/shwethamohanpulle/.m2/repository/com/typesafe/netty/netty-reactive-streams/2.0.4/netty-reactive-streams-2.0.4.jar:/Users/shwethamohanpulle/.m2/repository/com/sun/activation/jakarta.activation/1.2.2/jakarta.activation-1.2.2.jar:/Users/shwethamohanpulle/.m2/repository/org/seleniumhq/selenium/selenium-http/4.1.2/selenium-http-4.1.2.jar:/Users/shwethamohanpulle/.m2/repository/net/jodah/failsafe/2.4.4/failsafe-2.4.4.jar:/Users/shwethamohanpulle/.m2/repository/org/seleniumhq/selenium/selenium-safari-driver/4.1.2/selenium-safari-driver-4.1.2.jar:/Users/shwethamohanpulle/.m2/repository/org/seleniumhq/selenium/selenium-support/4.1.2/selenium-support-4.1.2.jar:/Users/shwethamohanpulle/.m2/repository/org/testng/testng/7.5/testng-7.5.jar:/Users/shwethamohanpulle/.m2/repository/com/google/code/findbugs/jsr305/3.0.1/jsr305-3.0.1.jar:/Users/shwethamohanpulle/.m2/repository/org/slf4j/slf4j-api/1.7.32/slf4j-api-1.7.32.jar:/Users/shwethamohanpulle/.m2/repository/com/beust/jcommander/1.78/jcommander-1.78.jar:/Users/shwethamohanpulle/.m2/repository/org/webjars/jquery/3.5.1/jquery-3.5.1.jar:/Users/shwethamohanpulle/.m2/repository/commons-io/commons-io/2.11.0/commons-io-2.11.0.jar:/Users/shwethamohanpulle/.m2/repository/com/relevantcodes/extentreports/2.41.2/extentreports-2.41.2.jar:/Users/shwethamohanpulle/.m2/repository/org/jsoup/jsoup/1.8.3/jsoup-1.8.3.jar:/Users/shwethamohanpulle/.m2/repository/org/xerial/sqlite-jdbc/3.8.11.1/sqlite-jdbc-3.8.11.1.jar:/Users/shwethamohanpulle/.m2/repository/org/freemarker/freemarker/2.3.23/freemarker-2.3.23.jar:/Users/shwethamohanpulle/.m2/repository/org/mongodb/mongodb-driver/3.0.4/mongodb-driver-3.0.4.jar:/Users/shwethamohanpulle/.m2/repository/org/mongodb/bson/3.0.4/bson-3.0.4.jar:/Users/shwethamohanpulle/.m2/repository/org/mongodb/mongodb-driver-core/3.0.4/mongodb-driver-core-3.0.4.jar:/Users/shwethamohanpulle/.m2/repository/org/apache/commons/commons-lang3/3.12.0/commons-lang3-3.12.0.jar:/Users/shwethamohanpulle/.m2/repository/org/apache/poi/poi-ooxml/5.2.2/poi-ooxml-5.2.2.jar:/Users/shwethamohanpulle/.m2/repository/org/apache/poi/poi-ooxml-lite/5.2.2/poi-ooxml-lite-5.2.2.jar:/Users/shwethamohanpulle/.m2/repository/org/apache/xmlbeans/xmlbeans/5.0.3/xmlbeans-5.0.3.jar:/Users/shwethamohanpulle/.m2/repository/org/apache/commons/commons-compress/1.21/commons-compress-1.21.jar:/Users/shwethamohanpulle/.m2/repository/com/github/virtuald/curvesapi/1.07/curvesapi-1.07.jar:/Users/shwethamohanpulle/.m2/repository/org/apache/logging/log4j/log4j-api/2.17.2/log4j-api-2.17.2.jar:/Users/shwethamohanpulle/.m2/repository/org/apache/commons/commons-collections4/4.4/commons-collections4-4.4.jar:/Users/shwethamohanpulle/.m2/repository/org/apache/poi/poi/5.2.2/poi-5.2.2.jar:/Users/shwethamohanpulle/.m2/repository/commons-codec/commons-codec/1.15/commons-codec-1.15.jar:/Users/shwethamohanpulle/.m2/repository/org/apache/commons/commons-math3/3.6.1/commons-math3-3.6.1.jar:/Users/shwethamohanpulle/.m2/repository/com/zaxxer/SparseBitSet/1.2/SparseBitSet-1.2.jar:/Users/shwethamohanpulle/.m2/repository/io/qameta/allure/allure-testng/2.17.3/allure-testng-2.17.3.jar:/Users/shwethamohanpulle/.m2/repository/io/qameta/allure/allure-java-commons/2.17.3/allure-java-commons-2.17.3.jar:/Users/shwethamohanpulle/.m2/repository/io/qameta/allure/allure-model/2.17.3/allure-model-2.17.3.jar:/Users/shwethamohanpulle/.m2/repository/io/qameta/allure/allure-test-filter/2.17.3/allure-test-filter-2.17.3.jar:"/>
    <property name="java.vm.vendor" value="Oracle Corporation"/>
    <property name="sun.arch.data.model" value="64"/>
    <property name="java.vendor.url" value="https://openjdk.java.net/"/>
    <property name="user.timezone" value="America/Los_Angeles"/>
    <property name="java.vm.specification.version" value="11"/>
    <property name="os.name" value="Mac OS X"/>
    <property name="sun.java.launcher" value="SUN_STANDARD"/>
    <property name="user.country" value="US"/>
    <property name="sun.boot.library.path" value="/Library/Java/JavaVirtualMachines/jdk-11.0.14.jdk/Contents/Home/lib"/>
    <property name="sun.java.command" value="/Users/shwethamohanpulle/Documents/Projects/DSportalApplication/target/surefire/surefirebooter14098710351266774110.jar /Users/shwethamohanpulle/Documents/Projects/DSportalApplication/target/surefire 2022-05-16T12-46-43_127-jvmRun1 surefire18342154656206119569tmp surefire_016399006559853433293tmp"/>
    <property name="http.nonProxyHosts" value="local|*.local|169.254/16|*.169.254/16"/>
    <property name="jdk.debug" value="release"/>
    <property name="surefire.test.class.path" value="/Users/shwethamohanpulle/Documents/Projects/DSportalApplication/target/test-classes:/Users/shwethamohanpulle/Documents/Projects/DSportalApplication/target/classes:/Users/shwethamohanpulle/.m2/repository/org/seleniumhq/selenium/selenium-java/4.1.2/selenium-java-4.1.2.jar:/Users/shwethamohanpulle/.m2/repository/org/seleniumhq/selenium/selenium-api/4.1.2/selenium-api-4.1.2.jar:/Users/shwethamohanpulle/.m2/repository/org/seleniumhq/selenium/selenium-chrome-driver/4.1.2/selenium-chrome-driver-4.1.2.jar:/Users/shwethamohanpulle/.m2/repository/com/google/auto/service/auto-service-annotations/1.0.1/auto-service-annotations-1.0.1.jar:/Users/shwethamohanpulle/.m2/repository/com/google/auto/service/auto-service/1.0.1/auto-service-1.0.1.jar:/Users/shwethamohanpulle/.m2/repository/com/google/auto/auto-common/1.2/auto-common-1.2.jar:/Users/shwethamohanpulle/.m2/repository/com/google/guava/guava/31.0.1-jre/guava-31.0.1-jre.jar:/Users/shwethamohanpulle/.m2/repository/com/google/guava/failureaccess/1.0.1/failureaccess-1.0.1.jar:/Users/shwethamohanpulle/.m2/repository/com/google/guava/listenablefuture/9999.0-empty-to-avoid-conflict-with-guava/listenablefuture-9999.0-empty-to-avoid-conflict-with-guava.jar:/Users/shwethamohanpulle/.m2/repository/org/checkerframework/checker-qual/3.12.0/checker-qual-3.12.0.jar:/Users/shwethamohanpulle/.m2/repository/com/google/errorprone/error_prone_annotations/2.7.1/error_prone_annotations-2.7.1.jar:/Users/shwethamohanpulle/.m2/repository/com/google/j2objc/j2objc-annotations/1.3/j2objc-annotations-1.3.jar:/Users/shwethamohanpulle/.m2/repository/org/seleniumhq/selenium/selenium-chromium-driver/4.1.2/selenium-chromium-driver-4.1.2.jar:/Users/shwethamohanpulle/.m2/repository/org/seleniumhq/selenium/selenium-json/4.1.2/selenium-json-4.1.2.jar:/Users/shwethamohanpulle/.m2/repository/org/seleniumhq/selenium/selenium-devtools-v85/4.1.2/selenium-devtools-v85-4.1.2.jar:/Users/shwethamohanpulle/.m2/repository/org/seleniumhq/selenium/selenium-devtools-v95/4.1.2/selenium-devtools-v95-4.1.2.jar:/Users/shwethamohanpulle/.m2/repository/org/seleniumhq/selenium/selenium-devtools-v96/4.1.2/selenium-devtools-v96-4.1.2.jar:/Users/shwethamohanpulle/.m2/repository/org/seleniumhq/selenium/selenium-devtools-v97/4.1.2/selenium-devtools-v97-4.1.2.jar:/Users/shwethamohanpulle/.m2/repository/org/seleniumhq/selenium/selenium-edge-driver/4.1.2/selenium-edge-driver-4.1.2.jar:/Users/shwethamohanpulle/.m2/repository/org/seleniumhq/selenium/selenium-firefox-driver/4.1.2/selenium-firefox-driver-4.1.2.jar:/Users/shwethamohanpulle/.m2/repository/org/seleniumhq/selenium/selenium-firefox-xpi-driver/4.1.2/selenium-firefox-xpi-driver-4.1.2.jar:/Users/shwethamohanpulle/.m2/repository/org/seleniumhq/selenium/selenium-ie-driver/4.1.2/selenium-ie-driver-4.1.2.jar:/Users/shwethamohanpulle/.m2/repository/org/seleniumhq/selenium/selenium-opera-driver/4.1.2/selenium-opera-driver-4.1.2.jar:/Users/shwethamohanpulle/.m2/repository/org/seleniumhq/selenium/selenium-remote-driver/4.1.2/selenium-remote-driver-4.1.2.jar:/Users/shwethamohanpulle/.m2/repository/io/netty/netty-buffer/4.1.73.Final/netty-buffer-4.1.73.Final.jar:/Users/shwethamohanpulle/.m2/repository/io/netty/netty-codec-http/4.1.73.Final/netty-codec-http-4.1.73.Final.jar:/Users/shwethamohanpulle/.m2/repository/io/netty/netty-codec/4.1.73.Final/netty-codec-4.1.73.Final.jar:/Users/shwethamohanpulle/.m2/repository/io/netty/netty-handler/4.1.73.Final/netty-handler-4.1.73.Final.jar:/Users/shwethamohanpulle/.m2/repository/io/netty/netty-tcnative-classes/2.0.46.Final/netty-tcnative-classes-2.0.46.Final.jar:/Users/shwethamohanpulle/.m2/repository/io/netty/netty-common/4.1.73.Final/netty-common-4.1.73.Final.jar:/Users/shwethamohanpulle/.m2/repository/io/netty/netty-transport-classes-epoll/4.1.73.Final/netty-transport-classes-epoll-4.1.73.Final.jar:/Users/shwethamohanpulle/.m2/repository/io/netty/netty-transport-classes-kqueue/4.1.73.Final/netty-transport-classes-kqueue-4.1.73.Final.jar:/Users/shwethamohanpulle/.m2/repository/io/netty/netty-transport-native-epoll/4.1.73.Final/netty-transport-native-epoll-4.1.73.Final.jar:/Users/shwethamohanpulle/.m2/repository/io/netty/netty-transport-native-kqueue/4.1.73.Final/netty-transport-native-kqueue-4.1.73.Final.jar:/Users/shwethamohanpulle/.m2/repository/io/netty/netty-transport-native-unix-common/4.1.73.Final/netty-transport-native-unix-common-4.1.73.Final.jar:/Users/shwethamohanpulle/.m2/repository/io/netty/netty-transport/4.1.73.Final/netty-transport-4.1.73.Final.jar:/Users/shwethamohanpulle/.m2/repository/io/netty/netty-resolver/4.1.73.Final/netty-resolver-4.1.73.Final.jar:/Users/shwethamohanpulle/.m2/repository/io/opentelemetry/opentelemetry-api/1.10.1/opentelemetry-api-1.10.1.jar:/Users/shwethamohanpulle/.m2/repository/io/opentelemetry/opentelemetry-context/1.10.1/opentelemetry-context-1.10.1.jar:/Users/shwethamohanpulle/.m2/repository/io/opentelemetry/opentelemetry-exporter-logging/1.10.1/opentelemetry-exporter-logging-1.10.1.jar:/Users/shwethamohanpulle/.m2/repository/io/opentelemetry/opentelemetry-sdk-metrics/1.10.1-alpha/opentelemetry-sdk-metrics-1.10.1-alpha.jar:/Users/shwethamohanpulle/.m2/repository/io/opentelemetry/opentelemetry-sdk-logs/1.10.1-alpha/opentelemetry-sdk-logs-1.10.1-alpha.jar:/Users/shwethamohanpulle/.m2/repository/io/opentelemetry/opentelemetry-sdk-common/1.10.1/opentelemetry-sdk-common-1.10.1.jar:/Users/shwethamohanpulle/.m2/repository/io/opentelemetry/opentelemetry-sdk-extension-autoconfigure-spi/1.10.1/opentelemetry-sdk-extension-autoconfigure-spi-1.10.1.jar:/Users/shwethamohanpulle/.m2/repository/io/opentelemetry/opentelemetry-sdk-extension-autoconfigure/1.10.1-alpha/opentelemetry-sdk-extension-autoconfigure-1.10.1-alpha.jar:/Users/shwethamohanpulle/.m2/repository/io/opentelemetry/opentelemetry-sdk-trace/1.10.1/opentelemetry-sdk-trace-1.10.1.jar:/Users/shwethamohanpulle/.m2/repository/io/opentelemetry/opentelemetry-sdk/1.10.1/opentelemetry-sdk-1.10.1.jar:/Users/shwethamohanpulle/.m2/repository/io/opentelemetry/opentelemetry-semconv/1.10.1-alpha/opentelemetry-semconv-1.10.1-alpha.jar:/Users/shwethamohanpulle/.m2/repository/io/ous/jtoml/2.0.0/jtoml-2.0.0.jar:/Users/shwethamohanpulle/.m2/repository/net/bytebuddy/byte-buddy/1.12.7/byte-buddy-1.12.7.jar:/Users/shwethamohanpulle/.m2/repository/org/apache/commons/commons-exec/1.3/commons-exec-1.3.jar:/Users/shwethamohanpulle/.m2/repository/org/asynchttpclient/async-http-client/2.12.3/async-http-client-2.12.3.jar:/Users/shwethamohanpulle/.m2/repository/org/asynchttpclient/async-http-client-netty-utils/2.12.3/async-http-client-netty-utils-2.12.3.jar:/Users/shwethamohanpulle/.m2/repository/io/netty/netty-codec-socks/4.1.60.Final/netty-codec-socks-4.1.60.Final.jar:/Users/shwethamohanpulle/.m2/repository/io/netty/netty-handler-proxy/4.1.60.Final/netty-handler-proxy-4.1.60.Final.jar:/Users/shwethamohanpulle/.m2/repository/io/netty/netty-transport-native-epoll/4.1.60.Final/netty-transport-native-epoll-4.1.60.Final-linux-x86_64.jar:/Users/shwethamohanpulle/.m2/repository/io/netty/netty-transport-native-kqueue/4.1.60.Final/netty-transport-native-kqueue-4.1.60.Final-osx-x86_64.jar:/Users/shwethamohanpulle/.m2/repository/org/reactivestreams/reactive-streams/1.0.3/reactive-streams-1.0.3.jar:/Users/shwethamohanpulle/.m2/repository/com/typesafe/netty/netty-reactive-streams/2.0.4/netty-reactive-streams-2.0.4.jar:/Users/shwethamohanpulle/.m2/repository/com/sun/activation/jakarta.activation/1.2.2/jakarta.activation-1.2.2.jar:/Users/shwethamohanpulle/.m2/repository/org/seleniumhq/selenium/selenium-http/4.1.2/selenium-http-4.1.2.jar:/Users/shwethamohanpulle/.m2/repository/net/jodah/failsafe/2.4.4/failsafe-2.4.4.jar:/Users/shwethamohanpulle/.m2/repository/org/seleniumhq/selenium/selenium-safari-driver/4.1.2/selenium-safari-driver-4.1.2.jar:/Users/shwethamohanpulle/.m2/repository/org/seleniumhq/selenium/selenium-support/4.1.2/selenium-support-4.1.2.jar:/Users/shwethamohanpulle/.m2/repository/org/testng/testng/7.5/testng-7.5.jar:/Users/shwethamohanpulle/.m2/repository/com/google/code/findbugs/jsr305/3.0.1/jsr305-3.0.1.jar:/Users/shwethamohanpulle/.m2/repository/org/slf4j/slf4j-api/1.7.32/slf4j-api-1.7.32.jar:/Users/shwethamohanpulle/.m2/repository/com/beust/jcommander/1.78/jcommander-1.78.jar:/Users/shwethamohanpulle/.m2/repository/org/webjars/jquery/3.5.1/jquery-3.5.1.jar:/Users/shwethamohanpulle/.m2/repository/commons-io/commons-io/2.11.0/commons-io-2.11.0.jar:/Users/shwethamohanpulle/.m2/repository/com/relevantcodes/extentreports/2.41.2/extentreports-2.41.2.jar:/Users/shwethamohanpulle/.m2/repository/org/jsoup/jsoup/1.8.3/jsoup-1.8.3.jar:/Users/shwethamohanpulle/.m2/repository/org/xerial/sqlite-jdbc/3.8.11.1/sqlite-jdbc-3.8.11.1.jar:/Users/shwethamohanpulle/.m2/repository/org/freemarker/freemarker/2.3.23/freemarker-2.3.23.jar:/Users/shwethamohanpulle/.m2/repository/org/mongodb/mongodb-driver/3.0.4/mongodb-driver-3.0.4.jar:/Users/shwethamohanpulle/.m2/repository/org/mongodb/bson/3.0.4/bson-3.0.4.jar:/Users/shwethamohanpulle/.m2/repository/org/mongodb/mongodb-driver-core/3.0.4/mongodb-driver-core-3.0.4.jar:/Users/shwethamohanpulle/.m2/repository/org/apache/commons/commons-lang3/3.12.0/commons-lang3-3.12.0.jar:/Users/shwethamohanpulle/.m2/repository/org/apache/poi/poi-ooxml/5.2.2/poi-ooxml-5.2.2.jar:/Users/shwethamohanpulle/.m2/repository/org/apache/poi/poi-ooxml-lite/5.2.2/poi-ooxml-lite-5.2.2.jar:/Users/shwethamohanpulle/.m2/repository/org/apache/xmlbeans/xmlbeans/5.0.3/xmlbeans-5.0.3.jar:/Users/shwethamohanpulle/.m2/repository/org/apache/commons/commons-compress/1.21/commons-compress-1.21.jar:/Users/shwethamohanpulle/.m2/repository/com/github/virtuald/curvesapi/1.07/curvesapi-1.07.jar:/Users/shwethamohanpulle/.m2/repository/org/apache/logging/log4j/log4j-api/2.17.2/log4j-api-2.17.2.jar:/Users/shwethamohanpulle/.m2/repository/org/apache/commons/commons-collections4/4.4/commons-collections4-4.4.jar:/Users/shwethamohanpulle/.m2/repository/org/apache/poi/poi/5.2.2/poi-5.2.2.jar:/Users/shwethamohanpulle/.m2/repository/commons-codec/commons-codec/1.15/commons-codec-1.15.jar:/Users/shwethamohanpulle/.m2/repository/org/apache/commons/commons-math3/3.6.1/commons-math3-3.6.1.jar:/Users/shwethamohanpulle/.m2/repository/com/zaxxer/SparseBitSet/1.2/SparseBitSet-1.2.jar:/Users/shwethamohanpulle/.m2/repository/io/qameta/allure/allure-testng/2.17.3/allure-testng-2.17.3.jar:/Users/shwethamohanpulle/.m2/repository/io/qameta/allure/allure-java-commons/2.17.3/allure-java-commons-2.17.3.jar:/Users/shwethamohanpulle/.m2/repository/io/qameta/allure/allure-model/2.17.3/allure-model-2.17.3.jar:/Users/shwethamohanpulle/.m2/repository/io/qameta/allure/allure-test-filter/2.17.3/allure-test-filter-2.17.3.jar:"/>
    <property name="sun.cpu.endian" value="little"/>
    <property name="user.home" value="/Users/shwethamohanpulle"/>
    <property name="user.language" value="en"/>
    <property name="java.specification.vendor" value="Oracle Corporation"/>
    <property name="java.version.date" value="2022-01-18"/>
    <property name="java.home" value="/Library/Java/JavaVirtualMachines/jdk-11.0.14.jdk/Contents/Home"/>
    <property name="file.separator" value="/"/>
    <property name="basedir" value="/Users/shwethamohanpulle/Documents/Projects/DSportalApplication"/>
    <property name="java.vm.compressedOopsMode" value="Zero based"/>
    <property name="line.separator" value="&#10;"/>
    <property name="java.specification.name" value="Java Platform API Specification"/>
    <property name="java.vm.specification.vendor" value="Oracle Corporation"/>
    <property name="java.awt.graphicsenv" value="sun.awt.CGraphicsEnvironment"/>
    <property name="surefire.real.class.path" value="/Users/shwethamohanpulle/Documents/Projects/DSportalApplication/target/surefire/surefirebooter14098710351266774110.jar"/>
    <property name="sun.management.compiler" value="HotSpot 64-Bit Tiered Compilers"/>
    <property name="ftp.nonProxyHosts" value="local|*.local|169.254/16|*.169.254/16"/>
    <property name="java.runtime.version" value="11.0.14+8-LTS-263"/>
    <property name="user.name" value="shwethamohanpulle"/>
    <property name="path.separator" value=":"/>
    <property name="os.version" value="10.15.7"/>
    <property name="java.runtime.name" value="Java(TM) SE Runtime Environment"/>
    <property name="file.encoding" value="UTF-8"/>
    <property name="java.vm.name" value="Java HotSpot(TM) 64-Bit Server VM"/>
    <property name="java.vendor.version" value="18.9"/>
    <property name="localRepository" value="/Users/shwethamohanpulle/.m2/repository"/>
    <property name="java.vendor.url.bug" value="https://bugreport.java.com/bugreport/"/>
    <property name="java.io.tmpdir" value="/var/folders/8y/rcqlwqj12nd4k3yl__xxnt9m0000gn/T/"/>
    <property name="java.version" value="11.0.14"/>
    <property name="user.dir" value="/Users/shwethamohanpulle/Documents/Projects/DSportalApplication"/>
    <property name="os.arch" value="x86_64"/>
    <property name="webdriver.gecko.driver" value="/Users/shwethamohanpulle/Documents/Projects/FirefoxDriver/geckodriver"/>
    <property name="java.vm.specification.name" value="Java Virtual Machine Specification"/>
    <property name="java.awt.printerjob" value="sun.lwawt.macosx.CPrinterJob"/>
    <property name="sun.os.patch.level" value="unknown"/>
    <property name="java.library.path" value="/Users/shwethamohanpulle/Library/Java/Extensions:/Library/Java/Extensions:/Network/Library/Java/Extensions:/System/Library/Java/Extensions:/usr/lib/java:."/>
    <property name="java.vendor" value="Oracle Corporation"/>
    <property name="java.vm.info" value="mixed mode"/>
    <property name="java.vm.version" value="11.0.14+8-LTS-263"/>
    <property name="sun.io.unicode.encoding" value="UnicodeBig"/>
    <property name="java.class.version" value="55.0"/>
    <property name="socksNonProxyHosts" value="local|*.local|169.254/16|*.169.254/16"/>
  </properties>
  <testcase name="linkedListTest" classname="com.dsalgo.qa.testcases.LinkedListTest" time="10.349">
    <system-out><![CDATA[I am in onStart method DSPortal Heroku Application linkedlist Test Cases
Browser name is : chrome
I am in onTestStart method linkedListTest start
Numpy Ninja
NumpyNinja
Linked List
Introduction
Assessment
Creating Linked LIst
Assessment
Types of Linked List
Assessment
Implement Linked List in Python
Assessment
Traversal
Assessment
Insertion
Assessment
Deletion
Assessment
Practice Questions
I am in onTestSuccess method linkedListTest succeed
]]></system-out>
    <system-err><![CDATA[SLF4J: Failed to load class "org.slf4j.impl.StaticLoggerBinder".
SLF4J: Defaulting to no-operation (NOP) logger implementation
SLF4J: See http://www.slf4j.org/codes.html#StaticLoggerBinder for further details.
ERROR StatusLogger Log4j2 could not find a logging implementation. Please add log4j-core to the classpath. Using SimpleLogger to log to the console...
Starting ChromeDriver 101.0.4951.41 (93c720db8323b3ec10d056025ab95c23a31997c9-refs/branch-heads/4951@{#904}) on port 59665
Only local connections are allowed.
Please see https://chromedriver.chromium.org/security-considerations for suggestions on keeping ChromeDriver safe.
ChromeDriver was started successfully.
May 16, 2022 12:46:48 PM org.openqa.selenium.remote.ProtocolHandshake createSession
INFO: Detected dialect: W3C
May 16, 2022 12:46:48 PM org.openqa.selenium.devtools.CdpVersionFinder findNearestMatch
WARNING: Unable to find an exact match for CDP version 101, so returning the closest version found: 97
May 16, 2022 12:46:48 PM org.openqa.selenium.devtools.CdpVersionFinder findNearestMatch
INFO: Found CDP implementation for version 101 of 97
]]></system-err>
  </testcase>
  <testcase name="portalTest" classname="com.dsalgo.qa.testcases.TreeTest" time="1.809">
    <system-out><![CDATA[I am in onFinish method DSPortal Heroku Application linkedlist Test Cases
I am in onStart method DSPortal Heroku Application tree Test Cases 
Browser name is : fireFox
I am in onTestStart method portalTest start
]]></system-out>
    <system-err><![CDATA[1652730420281	geckodriver	INFO	Listening on 127.0.0.1:57583
1652730420420	mozrunner::runner	INFO	Running command: "/Applications/Firefox.app/Contents/MacOS/firefox-bin" "--marionette" "--remote-debugging-port" "53941" "--remote-allow-hosts" "localhost" "-foreground" "-no-remote" "-profile" "/var/folders/8y/rcqlwqj12nd4k3yl__xxnt9m0000gn/T/rust_mozprofileKw28Fe"
1652730420919	Marionette	INFO	Marionette enabled
console.warn: SearchSettings: "get: No settings file exists, new profile?" (new NotFoundError("Could not open the file at /var/folders/8y/rcqlwqj12nd4k3yl__xxnt9m0000gn/T/rust_mozprofileKw28Fe/search.json.mozlz4", (void 0)))
console.error: BackgroundUpdate: 
  _reasonsToNotScheduleUpdates: Failed to check for Maintenance Service Registry Key: [Exception... "Component returned failure code: 0x80004001 (NS_ERROR_NOT_IMPLEMENTED) [nsIUpdateProcessor.getServiceRegKeyExists]"  nsresult: "0x80004001 (NS_ERROR_NOT_IMPLEMENTED)"  location: "JS frame :: resource://gre/modules/BackgroundUpdate.jsm :: _reasonsToNotScheduleUpdates :: line 241"  data: no]
DevTools listening on ws://localhost:53941/devtools/browser/cdb0f298-ef18-400a-8674-2eefa1f98f83
1652730422588	Marionette	INFO	Listening on port 55565
Read port: 55565
1652730422699	RemoteAgent	WARN	TLS certificate errors will be ignored for this session
May 16, 2022 12:47:02 PM org.openqa.selenium.remote.ProtocolHandshake createSession
INFO: Detected dialect: W3C
]]></system-err>
  </testcase>
  <testcase name="loginTest[NumpyNinja, QAAUTOMATION](1)" classname="com.dsalgo.qa.testcases.TreeTest" time="0.631">
    <system-out><![CDATA[I am in onTestSuccess method portalTest succeed
I am in onTestStart method loginTest start
]]></system-out>
    <system-err><![CDATA[console.warn: LoginRecipes: "getRecipes: falling back to a synchronous message for:" "https://dsportalapp.herokuapp.com"
console.warn: LoginRecipes: "getRecipes: falling back to a synchronous message for:" "https://dsportalapp.herokuapp.com"
JavaScript error: resource://gre/modules/LoginManagerParent.jsm, line 136: TypeError: gRecipeManager is null
]]></system-err>
  </testcase>
  <testcase name="loginTest[NimpyNinja, QAAUTOMATION](2)" classname="com.dsalgo.qa.testcases.TreeTest" time="1.136">
    <system-out><![CDATA[I am in onTestSuccess method loginTest succeed
I am in onTestStart method loginTest start
]]></system-out>
    <system-err><![CDATA[console.warn: LoginRecipes: "getRecipes: falling back to a synchronous message for:" "https://dsportalapp.herokuapp.com"
JavaScript error: resource://gre/modules/LoginManagerParent.jsm, line 136: TypeError: gRecipeManager is null
console.warn: LoginRecipes: "getRecipes: falling back to a synchronous message for:" "https://dsportalapp.herokuapp.com"
JavaScript error: resource://gre/modules/LoginManagerParent.jsm, line 136: TypeError: gRecipeManager is null
]]></system-err>
  </testcase>
  <testcase name="treeTest" classname="com.dsalgo.qa.testcases.TreeTest" time="0">
    <skipped message="expected [Tree12345] but found [Tree]"/>
    <system-out><![CDATA[I am in onTestSuccess method loginTest succeed
I am in onTestStart method treeTest start
]]></system-out>
  </testcase>
  <testcase name="treeTest" classname="com.dsalgo.qa.testcases.TreeTest" time="0">
    <skipped message="expected [Tree12345] but found [Tree]"/>
    <system-out><![CDATA[I am in onTestSkipped method treeTest skipped
I am in onTestStart method treeTest start
]]></system-out>
  </testcase>
  <testcase name="treeTest" classname="com.dsalgo.qa.testcases.TreeTest" time="0">
    <skipped message="expected [Tree12345] but found [Tree]"/>
    <system-out><![CDATA[I am in onTestSkipped method treeTest skipped
I am in onTestStart method treeTest start
]]></system-out>
  </testcase>
  <testcase name="treeTest" classname="com.dsalgo.qa.testcases.TreeTest" time="0.189">
    <failure message="expected [Tree12345] but found [Tree]" type="java.lang.AssertionError"><![CDATA[java.lang.AssertionError: expected [Tree12345] but found [Tree]
	at org.testng.Assert.fail(Assert.java:110)
	at org.testng.Assert.failNotEquals(Assert.java:1413)
	at org.testng.Assert.assertEqualsImpl(Assert.java:149)
	at org.testng.Assert.assertEquals(Assert.java:131)
	at org.testng.Assert.assertEquals(Assert.java:655)
	at org.testng.Assert.assertEquals(Assert.java:665)
	at com.dsalgo.qa.testcases.TreeTest.treeTest(TreeTest.java:149)
	at java.base/jdk.internal.reflect.NativeMethodAccessorImpl.invoke0(Native Method)
	at java.base/jdk.internal.reflect.NativeMethodAccessorImpl.invoke(NativeMethodAccessorImpl.java:62)
	at java.base/jdk.internal.reflect.DelegatingMethodAccessorImpl.invoke(DelegatingMethodAccessorImpl.java:43)
	at java.base/java.lang.reflect.Method.invoke(Method.java:566)
	at org.testng.internal.invokers.MethodInvocationHelper.invokeMethod(MethodInvocationHelper.java:135)
	at org.testng.internal.invokers.TestInvoker.invokeMethod(TestInvoker.java:673)
	at org.testng.internal.invokers.TestInvoker.retryFailed(TestInvoker.java:262)
	at org.testng.internal.invokers.MethodRunner.runInSequence(MethodRunner.java:62)
	at org.testng.internal.invokers.TestInvoker$MethodInvocationAgent.invoke(TestInvoker.java:945)
	at org.testng.internal.invokers.TestInvoker.invokeTestMethods(TestInvoker.java:193)
	at org.testng.internal.invokers.TestMethodWorker.invokeTestMethods(TestMethodWorker.java:146)
	at org.testng.internal.invokers.TestMethodWorker.run(TestMethodWorker.java:128)
	at java.base/java.util.ArrayList.forEach(ArrayList.java:1541)
	at org.testng.TestRunner.privateRun(TestRunner.java:808)
	at org.testng.TestRunner.run(TestRunner.java:603)
	at org.testng.SuiteRunner.runTest(SuiteRunner.java:429)
	at org.testng.SuiteRunner.runSequentially(SuiteRunner.java:423)
	at org.testng.SuiteRunner.privateRun(SuiteRunner.java:383)
	at org.testng.SuiteRunner.run(SuiteRunner.java:326)
	at org.testng.SuiteRunnerWorker.runSuite(SuiteRunnerWorker.java:52)
	at org.testng.SuiteRunnerWorker.run(SuiteRunnerWorker.java:95)
	at org.testng.TestNG.runSuitesSequentially(TestNG.java:1249)
	at org.testng.TestNG.runSuitesLocally(TestNG.java:1169)
	at org.testng.TestNG.runSuites(TestNG.java:1092)
	at org.testng.TestNG.run(TestNG.java:1060)
	at org.apache.maven.surefire.testng.TestNGExecutor.run(TestNGExecutor.java:324)
	at org.apache.maven.surefire.testng.TestNGXmlTestSuite.execute(TestNGXmlTestSuite.java:74)
	at org.apache.maven.surefire.testng.TestNGProvider.invoke(TestNGProvider.java:123)
	at org.apache.maven.surefire.booter.ForkedBooter.runSuitesInProcess(ForkedBooter.java:456)
	at org.apache.maven.surefire.booter.ForkedBooter.execute(ForkedBooter.java:169)
	at org.apache.maven.surefire.booter.ForkedBooter.run(ForkedBooter.java:595)
	at org.apache.maven.surefire.booter.ForkedBooter.main(ForkedBooter.java:581)
]]></failure>
    <system-out><![CDATA[I am in onTestSkipped method treeTest skipped
I am in onTestStart method treeTest start
]]></system-out>
  </testcase>
  <testcase name="treeLink1Test" classname="com.dsalgo.qa.testcases.TreeTest" time="1.636">
    <system-out><![CDATA[I am in onTestFailure method treeTest failed
Screenshot captured for test case:treeTest
=====?>>>>>>>> saveScreenshotPNG
I am in onTestStart method treeLink1Test start
]]></system-out>
  </testcase>
  <testcase name="link1EditorTest" classname="com.dsalgo.qa.testcases.TreeTest" time="0.945">
    <system-out><![CDATA[I am in onTestSuccess method treeLink1Test succeed
I am in onTestStart method link1EditorTest start
]]></system-out>
    <system-err><![CDATA[JavaScript warning: https://dsportalapp.herokuapp.com/static/skulpt.min.js, line 107: unreachable code after return statement
JavaScript warning: https://dsportalapp.herokuapp.com/static/skulpt.min.js, line 135: unreachable code after return statement
JavaScript warning: https://dsportalapp.herokuapp.com/static/skulpt.min.js, line 209: unreachable code after return statement
JavaScript warning: https://dsportalapp.herokuapp.com/static/skulpt.min.js, line 257: unreachable code after return statement
JavaScript warning: https://dsportalapp.herokuapp.com/static/skulpt.min.js, line 402: unreachable code after return statement
JavaScript warning: https://dsportalapp.herokuapp.com/static/skulpt.min.js, line 439: unreachable code after return statement
JavaScript warning: https://dsportalapp.herokuapp.com/static/skulpt.min.js, line 476: unreachable code after return statement
JavaScript warning: https://dsportalapp.herokuapp.com/static/skulpt.min.js, line 69: unreachable code after return statement
]]></system-err>
  </testcase>
  <testcase name="treelink2Test" classname="com.dsalgo.qa.testcases.TreeTest" time="0.955">
    <system-out><![CDATA[I am in onTestSuccess method link1EditorTest succeed
I am in onTestStart method treelink2Test start
]]></system-out>
  </testcase>
  <testcase name="link2EditorTest" classname="com.dsalgo.qa.testcases.TreeTest" time="0.91">
    <system-out><![CDATA[I am in onTestSuccess method treelink2Test succeed
I am in onTestStart method link2EditorTest start
print("Successfully reached Terminlogies Of Tress edit page")
]]></system-out>
    <system-err><![CDATA[JavaScript warning: https://dsportalapp.herokuapp.com/static/skulpt.min.js, line 107: unreachable code after return statement
JavaScript warning: https://dsportalapp.herokuapp.com/static/skulpt.min.js, line 135: unreachable code after return statement
JavaScript warning: https://dsportalapp.herokuapp.com/static/skulpt.min.js, line 209: unreachable code after return statement
JavaScript warning: https://dsportalapp.herokuapp.com/static/skulpt.min.js, line 257: unreachable code after return statement
JavaScript warning: https://dsportalapp.herokuapp.com/static/skulpt.min.js, line 402: unreachable code after return statement
JavaScript warning: https://dsportalapp.herokuapp.com/static/skulpt.min.js, line 439: unreachable code after return statement
JavaScript warning: https://dsportalapp.herokuapp.com/static/skulpt.min.js, line 476: unreachable code after return statement
JavaScript warning: https://dsportalapp.herokuapp.com/static/skulpt.min.js, line 69: unreachable code after return statement
]]></system-err>
  </testcase>
  <testcase name="treelink3Test" classname="com.dsalgo.qa.testcases.TreeTest" time="1.242">
    <system-out><![CDATA[I am in onTestSuccess method link2EditorTest succeed
I am in onTestStart method treelink3Test start
]]></system-out>
  </testcase>
  <testcase name="link3EditorTest" classname="com.dsalgo.qa.testcases.TreeTest" time="1.75">
    <system-out><![CDATA[I am in onTestSuccess method treelink3Test succeed
I am in onTestStart method link3EditorTest start
print("Successfully reached Types Of Tress edit page")
]]></system-out>
    <system-err><![CDATA[JavaScript warning: https://dsportalapp.herokuapp.com/static/skulpt.min.js, line 107: unreachable code after return statement
JavaScript warning: https://dsportalapp.herokuapp.com/static/skulpt.min.js, line 135: unreachable code after return statement
JavaScript warning: https://dsportalapp.herokuapp.com/static/skulpt.min.js, line 209: unreachable code after return statement
JavaScript warning: https://dsportalapp.herokuapp.com/static/skulpt.min.js, line 257: unreachable code after return statement
JavaScript warning: https://dsportalapp.herokuapp.com/static/skulpt.min.js, line 402: unreachable code after return statement
JavaScript warning: https://dsportalapp.herokuapp.com/static/skulpt.min.js, line 439: unreachable code after return statement
JavaScript warning: https://dsportalapp.herokuapp.com/static/skulpt.min.js, line 476: unreachable code after return statement
JavaScript warning: https://dsportalapp.herokuapp.com/static/skulpt.min.js, line 69: unreachable code after return statement
]]></system-err>
  </testcase>
  <testcase name="treelink4Test" classname="com.dsalgo.qa.testcases.TreeTest" time="1.019">
    <system-out><![CDATA[I am in onTestSuccess method link3EditorTest succeed
I am in onTestStart method treelink4Test start
]]></system-out>
  </testcase>
  <testcase name="link4EditorTest" classname="com.dsalgo.qa.testcases.TreeTest" time="0.969">
    <system-out><![CDATA[I am in onTestSuccess method treelink4Test succeed
I am in onTestStart method link4EditorTest start
print("Successfully reached Tree Traversals edit page")
]]></system-out>
    <system-err><![CDATA[JavaScript warning: https://dsportalapp.herokuapp.com/static/skulpt.min.js, line 107: unreachable code after return statement
JavaScript warning: https://dsportalapp.herokuapp.com/static/skulpt.min.js, line 135: unreachable code after return statement
JavaScript warning: https://dsportalapp.herokuapp.com/static/skulpt.min.js, line 209: unreachable code after return statement
JavaScript warning: https://dsportalapp.herokuapp.com/static/skulpt.min.js, line 257: unreachable code after return statement
JavaScript warning: https://dsportalapp.herokuapp.com/static/skulpt.min.js, line 402: unreachable code after return statement
JavaScript warning: https://dsportalapp.herokuapp.com/static/skulpt.min.js, line 439: unreachable code after return statement
JavaScript warning: https://dsportalapp.herokuapp.com/static/skulpt.min.js, line 476: unreachable code after return statement
JavaScript warning: https://dsportalapp.herokuapp.com/static/skulpt.min.js, line 69: unreachable code after return statement
]]></system-err>
  </testcase>
  <testcase name="treelink5Test" classname="com.dsalgo.qa.testcases.TreeTest" time="1.077">
    <system-out><![CDATA[I am in onTestSuccess method link4EditorTest succeed
I am in onTestStart method treelink5Test start
]]></system-out>
  </testcase>
  <testcase name="link5EditorTest" classname="com.dsalgo.qa.testcases.TreeTest" time="1.001">
    <system-out><![CDATA[I am in onTestSuccess method treelink5Test succeed
I am in onTestStart method link5EditorTest start
print("Successfully reached Traversals-Illustration edit page")
]]></system-out>
    <system-err><![CDATA[JavaScript warning: https://dsportalapp.herokuapp.com/static/skulpt.min.js, line 107: unreachable code after return statement
JavaScript warning: https://dsportalapp.herokuapp.com/static/skulpt.min.js, line 135: unreachable code after return statement
JavaScript warning: https://dsportalapp.herokuapp.com/static/skulpt.min.js, line 209: unreachable code after return statement
JavaScript warning: https://dsportalapp.herokuapp.com/static/skulpt.min.js, line 257: unreachable code after return statement
JavaScript warning: https://dsportalapp.herokuapp.com/static/skulpt.min.js, line 402: unreachable code after return statement
JavaScript warning: https://dsportalapp.herokuapp.com/static/skulpt.min.js, line 439: unreachable code after return statement
JavaScript warning: https://dsportalapp.herokuapp.com/static/skulpt.min.js, line 476: unreachable code after return statement
JavaScript warning: https://dsportalapp.herokuapp.com/static/skulpt.min.js, line 69: unreachable code after return statement
]]></system-err>
  </testcase>
  <testcase name="treelink6Test" classname="com.dsalgo.qa.testcases.TreeTest" time="1.135">
    <system-out><![CDATA[I am in onTestSuccess method link5EditorTest succeed
I am in onTestStart method treelink6Test start
]]></system-out>
  </testcase>
  <testcase name="link6EditorTest" classname="com.dsalgo.qa.testcases.TreeTest" time="0.976">
    <system-out><![CDATA[I am in onTestSuccess method treelink6Test succeed
I am in onTestStart method link6EditorTest start
print("Successfully reached Binary Trees edit page")
]]></system-out>
    <system-err><![CDATA[JavaScript warning: https://dsportalapp.herokuapp.com/static/skulpt.min.js, line 107: unreachable code after return statement
JavaScript warning: https://dsportalapp.herokuapp.com/static/skulpt.min.js, line 135: unreachable code after return statement
JavaScript warning: https://dsportalapp.herokuapp.com/static/skulpt.min.js, line 209: unreachable code after return statement
JavaScript warning: https://dsportalapp.herokuapp.com/static/skulpt.min.js, line 257: unreachable code after return statement
JavaScript warning: https://dsportalapp.herokuapp.com/static/skulpt.min.js, line 402: unreachable code after return statement
JavaScript warning: https://dsportalapp.herokuapp.com/static/skulpt.min.js, line 439: unreachable code after return statement
JavaScript warning: https://dsportalapp.herokuapp.com/static/skulpt.min.js, line 476: unreachable code after return statement
JavaScript warning: https://dsportalapp.herokuapp.com/static/skulpt.min.js, line 69: unreachable code after return statement
]]></system-err>
  </testcase>
  <testcase name="treelink7Test" classname="com.dsalgo.qa.testcases.TreeTest" time="1.205">
    <system-out><![CDATA[I am in onTestSuccess method link6EditorTest succeed
I am in onTestStart method treelink7Test start
]]></system-out>
  </testcase>
  <testcase name="link7EditorTest" classname="com.dsalgo.qa.testcases.TreeTest" time="0.914">
    <system-out><![CDATA[I am in onTestSuccess method treelink7Test succeed
I am in onTestStart method link7EditorTest start
print("Successfully reached Types of Binary Trees edit page")
]]></system-out>
    <system-err><![CDATA[JavaScript warning: https://dsportalapp.herokuapp.com/static/skulpt.min.js, line 107: unreachable code after return statement
JavaScript warning: https://dsportalapp.herokuapp.com/static/skulpt.min.js, line 135: unreachable code after return statement
JavaScript warning: https://dsportalapp.herokuapp.com/static/skulpt.min.js, line 209: unreachable code after return statement
JavaScript warning: https://dsportalapp.herokuapp.com/static/skulpt.min.js, line 257: unreachable code after return statement
JavaScript warning: https://dsportalapp.herokuapp.com/static/skulpt.min.js, line 402: unreachable code after return statement
JavaScript warning: https://dsportalapp.herokuapp.com/static/skulpt.min.js, line 439: unreachable code after return statement
JavaScript warning: https://dsportalapp.herokuapp.com/static/skulpt.min.js, line 476: unreachable code after return statement
JavaScript warning: https://dsportalapp.herokuapp.com/static/skulpt.min.js, line 69: unreachable code after return statement
]]></system-err>
  </testcase>
  <testcase name="treelink8Test" classname="com.dsalgo.qa.testcases.TreeTest" time="1.24">
    <system-out><![CDATA[I am in onTestSuccess method link7EditorTest succeed
I am in onTestStart method treelink8Test start
]]></system-out>
  </testcase>
  <testcase name="link8EditorTest" classname="com.dsalgo.qa.testcases.TreeTest" time="0.911">
    <system-out><![CDATA[I am in onTestSuccess method treelink8Test succeed
I am in onTestStart method link8EditorTest start
print("Successfully reached Implementation edit page")
]]></system-out>
    <system-err><![CDATA[JavaScript warning: https://dsportalapp.herokuapp.com/static/skulpt.min.js, line 107: unreachable code after return statement
JavaScript warning: https://dsportalapp.herokuapp.com/static/skulpt.min.js, line 135: unreachable code after return statement
JavaScript warning: https://dsportalapp.herokuapp.com/static/skulpt.min.js, line 209: unreachable code after return statement
JavaScript warning: https://dsportalapp.herokuapp.com/static/skulpt.min.js, line 257: unreachable code after return statement
JavaScript warning: https://dsportalapp.herokuapp.com/static/skulpt.min.js, line 402: unreachable code after return statement
JavaScript warning: https://dsportalapp.herokuapp.com/static/skulpt.min.js, line 439: unreachable code after return statement
JavaScript warning: https://dsportalapp.herokuapp.com/static/skulpt.min.js, line 476: unreachable code after return statement
JavaScript warning: https://dsportalapp.herokuapp.com/static/skulpt.min.js, line 69: unreachable code after return statement
]]></system-err>
  </testcase>
  <testcase name="firstlinkTest" classname="com.dsalgo.qa.testcases.DataStructurePageTest" time="2.685">
    <system-out><![CDATA[I am in onTestSuccess method link8EditorTest succeed
I am in onFinish method DSPortal Heroku Application tree Test Cases 
I am in onStart method DSPortal Heroku Application Data Structue Test Cases
I am in onTestStart method firstlinkTest start
I am in onTestSuccess method firstlinkTest succeed
]]></system-out>
    <system-err><![CDATA[1652730447633	Marionette	INFO	Stopped listening on port 55565

###!!! [Parent][PImageBridgeParent] Error: RunMessage(msgname=PImageBridge::Msg_WillClose) Channel closing: too late to send/recv, messages will be lost

Starting ChromeDriver 101.0.4951.41 (93c720db8323b3ec10d056025ab95c23a31997c9-refs/branch-heads/4951@{#904}) on port 55923
Only local connections are allowed.
Please see https://chromedriver.chromium.org/security-considerations for suggestions on keeping ChromeDriver safe.
ChromeDriver was started successfully.
May 16, 2022 12:47:29 PM org.openqa.selenium.remote.ProtocolHandshake createSession
INFO: Detected dialect: W3C
May 16, 2022 12:47:29 PM org.openqa.selenium.devtools.CdpVersionFinder findNearestMatch
WARNING: Unable to find an exact match for CDP version 101, so returning the closest version found: 97
May 16, 2022 12:47:29 PM org.openqa.selenium.devtools.CdpVersionFinder findNearestMatch
INFO: Found CDP implementation for version 101 of 97
]]></system-err>
  </testcase>
  <testcase name="loginTest" classname="com.dsalgo.qa.testcases.DataStructurePageTest" time="0.006">
    <system-out><![CDATA[I am in onTestStart method loginTest start
I am in onTestSuccess method loginTest succeed
]]></system-out>
    <system-err><![CDATA[Starting ChromeDriver 101.0.4951.41 (93c720db8323b3ec10d056025ab95c23a31997c9-refs/branch-heads/4951@{#904}) on port 55165
Only local connections are allowed.
Please see https://chromedriver.chromium.org/security-considerations for suggestions on keeping ChromeDriver safe.
ChromeDriver was started successfully.
May 16, 2022 12:47:35 PM org.openqa.selenium.remote.ProtocolHandshake createSession
INFO: Detected dialect: W3C
May 16, 2022 12:47:35 PM org.openqa.selenium.devtools.CdpVersionFinder findNearestMatch
WARNING: Unable to find an exact match for CDP version 101, so returning the closest version found: 97
May 16, 2022 12:47:35 PM org.openqa.selenium.devtools.CdpVersionFinder findNearestMatch
INFO: Found CDP implementation for version 101 of 97
]]></system-err>
  </testcase>
  <testcase name="moduleTest" classname="com.dsalgo.qa.testcases.DataStructurePageTest" time="0.572">
    <system-out><![CDATA[I am in onTestStart method moduleTest start
I am in onTestSuccess method moduleTest succeed
]]></system-out>
    <system-err><![CDATA[Starting ChromeDriver 101.0.4951.41 (93c720db8323b3ec10d056025ab95c23a31997c9-refs/branch-heads/4951@{#904}) on port 60287
Only local connections are allowed.
Please see https://chromedriver.chromium.org/security-considerations for suggestions on keeping ChromeDriver safe.
ChromeDriver was started successfully.
May 16, 2022 12:47:38 PM org.openqa.selenium.remote.ProtocolHandshake createSession
INFO: Detected dialect: W3C
May 16, 2022 12:47:38 PM org.openqa.selenium.devtools.CdpVersionFinder findNearestMatch
WARNING: Unable to find an exact match for CDP version 101, so returning the closest version found: 97
May 16, 2022 12:47:38 PM org.openqa.selenium.devtools.CdpVersionFinder findNearestMatch
INFO: Found CDP implementation for version 101 of 97
]]></system-err>
  </testcase>
</testsuite>