<?xml version="1.0" encoding="UTF-8"?>
<testng-results retried="3" ignored="0" total="27" passed="23" failed="1" skipped="0">
  <reporter-output>
  </reporter-output>
  <suite started-at="2022-05-16T12:46:45 PDT" name="DSPortal Heroku Application Test Automation Test Suite " finished-at="2022-05-16T12:47:41 PDT" duration-ms="55981">
    <groups>
    </groups>
    <test started-at="2022-05-16T12:46:45 PDT" name="DSPortal Heroku Application linkedlist Test Cases" finished-at="2022-05-16T12:47:00 PDT" duration-ms="14735">
      <class name="com.dsalgo.qa.testcases.LinkedListTest">
        <test-method is-config="true" signature="setUp(java.lang.String)[pri:0, instance:com.dsalgo.qa.testcases.LinkedListTest@6ee8dcd3]" started-at="2022-05-16T12:46:45 PDT" name="setUp" finished-at="2022-05-16T12:46:49 PDT" duration-ms="4097" status="PASS">
          <params>
            <param index="0">
              <value>
                <![CDATA[chrome]]>
              </value>
            </param>
          </params>
          <reporter-output>
          </reporter-output>
        </test-method> <!-- setUp -->
        <test-method signature="linkedListTest()[pri:0, instance:com.dsalgo.qa.testcases.LinkedListTest@6ee8dcd3]" started-at="2022-05-16T12:46:49 PDT" name="linkedListTest" finished-at="2022-05-16T12:47:00 PDT" duration-ms="10335" status="PASS">
          <reporter-output>
          </reporter-output>
        </test-method> <!-- linkedListTest -->
        <test-method is-config="true" signature="tearDown()[pri:0, instance:com.dsalgo.qa.testcases.LinkedListTest@6ee8dcd3]" started-at="2022-05-16T12:47:00 PDT" name="tearDown" finished-at="2022-05-16T12:47:00 PDT" duration-ms="118" status="PASS">
          <reporter-output>
          </reporter-output>
        </test-method> <!-- tearDown -->
      </class> <!-- com.dsalgo.qa.testcases.LinkedListTest -->
    </test> <!-- DSPortal Heroku Application linkedlist Test Cases -->
    <test started-at="2022-05-16T12:47:00 PDT" name="DSPortal Heroku Application tree Test Cases " finished-at="2022-05-16T12:47:28 PDT" duration-ms="27961">
      <class name="com.dsalgo.qa.testcases.TreeTest">
        <test-method is-config="true" signature="setUp(java.lang.String)[pri:0, instance:com.dsalgo.qa.testcases.TreeTest@3fd2322d]" started-at="2022-05-16T12:47:00 PDT" name="setUp" finished-at="2022-05-16T12:47:04 PDT" duration-ms="3766" status="PASS">
          <params>
            <param index="0">
              <value>
                <![CDATA[fireFox]]>
              </value>
            </param>
          </params>
          <reporter-output>
          </reporter-output>
        </test-method> <!-- setUp -->
        <test-method signature="portalTest()[pri:1, instance:com.dsalgo.qa.testcases.TreeTest@3fd2322d]" started-at="2022-05-16T12:47:04 PDT" name="portalTest" description="verifying portal page title test" finished-at="2022-05-16T12:47:05 PDT" duration-ms="1796" status="PASS">
          <reporter-output>
          </reporter-output>
        </test-method> <!-- portalTest -->
        <test-method signature="loginTest(java.lang.String,java.lang.String)[pri:2, instance:com.dsalgo.qa.testcases.TreeTest@3fd2322d]" started-at="2022-05-16T12:47:06 PDT" name="loginTest" description="verifying login test" data-provider="LoginData" finished-at="2022-05-16T12:47:07 PDT" duration-ms="631" status="PASS">
          <params>
            <param index="0">
              <value>
                <![CDATA[NumpyNinja]]>
              </value>
            </param>
            <param index="1">
              <value>
                <![CDATA[QAAUTOMATION]]>
              </value>
            </param>
          </params>
          <reporter-output>
          </reporter-output>
        </test-method> <!-- loginTest -->
        <test-method signature="loginTest(java.lang.String,java.lang.String)[pri:2, instance:com.dsalgo.qa.testcases.TreeTest@3fd2322d]" started-at="2022-05-16T12:47:07 PDT" name="loginTest" description="verifying login test" data-provider="LoginData" finished-at="2022-05-16T12:47:08 PDT" duration-ms="1136" status="PASS">
          <params>
            <param index="0">
              <value>
                <![CDATA[NimpyNinja]]>
              </value>
            </param>
            <param index="1">
              <value>
                <![CDATA[QAAUTOMATION]]>
              </value>
            </param>
          </params>
          <reporter-output>
          </reporter-output>
        </test-method> <!-- loginTest -->
        <test-method retried="true" signature="treeTest()[pri:3, instance:com.dsalgo.qa.testcases.TreeTest@3fd2322d]" started-at="2022-05-16T12:47:08 PDT" name="treeTest" description="verifying tree page" finished-at="2022-05-16T12:47:08 PDT" duration-ms="188" status="SKIP">
          <exception class="java.lang.AssertionError">
            <message>
              <![CDATA[expected [Tree12345] but found [Tree]]]>
            </message>
            <full-stacktrace>
              <![CDATA[java.lang.AssertionError: expected [Tree12345] but found [Tree]
at org.testng.Assert.fail(Assert.java:110)
at org.testng.Assert.failNotEquals(Assert.java:1413)
at org.testng.Assert.assertEqualsImpl(Assert.java:149)
at org.testng.Assert.assertEquals(Assert.java:131)
at org.testng.Assert.assertEquals(Assert.java:655)
at org.testng.Assert.assertEquals(Assert.java:665)
at com.dsalgo.qa.testcases.TreeTest.treeTest(TreeTest.java:149)
at java.base/jdk.internal.reflect.NativeMethodAccessorImpl.invoke0(Native Method)
at java.base/jdk.internal.reflect.NativeMethodAccessorImpl.invoke(NativeMethodAccessorImpl.java:62)
at java.base/jdk.internal.reflect.DelegatingMethodAccessorImpl.invoke(DelegatingMethodAccessorImpl.java:43)
at java.base/java.lang.reflect.Method.invoke(Method.java:566)
at org.testng.internal.invokers.MethodInvocationHelper.invokeMethod(MethodInvocationHelper.java:135)
at org.testng.internal.invokers.TestInvoker.invokeMethod(TestInvoker.java:673)
at org.testng.internal.invokers.TestInvoker.invokeTestMethod(TestInvoker.java:220)
at org.testng.internal.invokers.MethodRunner.runInSequence(MethodRunner.java:50)
at org.testng.internal.invokers.TestInvoker$MethodInvocationAgent.invoke(TestInvoker.java:945)
at org.testng.internal.invokers.TestInvoker.invokeTestMethods(TestInvoker.java:193)
at org.testng.internal.invokers.TestMethodWorker.invokeTestMethods(TestMethodWorker.java:146)
at org.testng.internal.invokers.TestMethodWorker.run(TestMethodWorker.java:128)
at java.base/java.util.ArrayList.forEach(ArrayList.java:1541)
at org.testng.TestRunner.privateRun(TestRunner.java:808)
at org.testng.TestRunner.run(TestRunner.java:603)
at org.testng.SuiteRunner.runTest(SuiteRunner.java:429)
at org.testng.SuiteRunner.runSequentially(SuiteRunner.java:423)
at org.testng.SuiteRunner.privateRun(SuiteRunner.java:383)
at org.testng.SuiteRunner.run(SuiteRunner.java:326)
at org.testng.SuiteRunnerWorker.runSuite(SuiteRunnerWorker.java:52)
at org.testng.SuiteRunnerWorker.run(SuiteRunnerWorker.java:95)
at org.testng.TestNG.runSuitesSequentially(TestNG.java:1249)
at org.testng.TestNG.runSuitesLocally(TestNG.java:1169)
at org.testng.TestNG.runSuites(TestNG.java:1092)
at org.testng.TestNG.run(TestNG.java:1060)
at org.apache.maven.surefire.testng.TestNGExecutor.run(TestNGExecutor.java:324)
at org.apache.maven.surefire.testng.TestNGXmlTestSuite.execute(TestNGXmlTestSuite.java:74)
at org.apache.maven.surefire.testng.TestNGProvider.invoke(TestNGProvider.java:123)
at org.apache.maven.surefire.booter.ForkedBooter.runSuitesInProcess(ForkedBooter.java:456)
at org.apache.maven.surefire.booter.ForkedBooter.execute(ForkedBooter.java:169)
at org.apache.maven.surefire.booter.ForkedBooter.run(ForkedBooter.java:595)
at org.apache.maven.surefire.booter.ForkedBooter.main(ForkedBooter.java:581)
]]>
            </full-stacktrace>
          </exception> <!-- java.lang.AssertionError -->
          <reporter-output>
          </reporter-output>
        </test-method> <!-- treeTest -->
        <test-method retried="true" signature="treeTest()[pri:3, instance:com.dsalgo.qa.testcases.TreeTest@3fd2322d]" started-at="2022-05-16T12:47:08 PDT" name="treeTest" description="verifying tree page" finished-at="2022-05-16T12:47:09 PDT" duration-ms="176" status="SKIP">
          <exception class="java.lang.AssertionError">
            <message>
              <![CDATA[expected [Tree12345] but found [Tree]]]>
            </message>
            <full-stacktrace>
              <![CDATA[java.lang.AssertionError: expected [Tree12345] but found [Tree]
at org.testng.Assert.fail(Assert.java:110)
at org.testng.Assert.failNotEquals(Assert.java:1413)
at org.testng.Assert.assertEqualsImpl(Assert.java:149)
at org.testng.Assert.assertEquals(Assert.java:131)
at org.testng.Assert.assertEquals(Assert.java:655)
at org.testng.Assert.assertEquals(Assert.java:665)
at com.dsalgo.qa.testcases.TreeTest.treeTest(TreeTest.java:149)
at java.base/jdk.internal.reflect.NativeMethodAccessorImpl.invoke0(Native Method)
at java.base/jdk.internal.reflect.NativeMethodAccessorImpl.invoke(NativeMethodAccessorImpl.java:62)
at java.base/jdk.internal.reflect.DelegatingMethodAccessorImpl.invoke(DelegatingMethodAccessorImpl.java:43)
at java.base/java.lang.reflect.Method.invoke(Method.java:566)
at org.testng.internal.invokers.MethodInvocationHelper.invokeMethod(MethodInvocationHelper.java:135)
at org.testng.internal.invokers.TestInvoker.invokeMethod(TestInvoker.java:673)
at org.testng.internal.invokers.TestInvoker.retryFailed(TestInvoker.java:262)
at org.testng.internal.invokers.MethodRunner.runInSequence(MethodRunner.java:62)
at org.testng.internal.invokers.TestInvoker$MethodInvocationAgent.invoke(TestInvoker.java:945)
at org.testng.internal.invokers.TestInvoker.invokeTestMethods(TestInvoker.java:193)
at org.testng.internal.invokers.TestMethodWorker.invokeTestMethods(TestMethodWorker.java:146)
at org.testng.internal.invokers.TestMethodWorker.run(TestMethodWorker.java:128)
at java.base/java.util.ArrayList.forEach(ArrayList.java:1541)
at org.testng.TestRunner.privateRun(TestRunner.java:808)
at org.testng.TestRunner.run(TestRunner.java:603)
at org.testng.SuiteRunner.runTest(SuiteRunner.java:429)
at org.testng.SuiteRunner.runSequentially(SuiteRunner.java:423)
at org.testng.SuiteRunner.privateRun(SuiteRunner.java:383)
at org.testng.SuiteRunner.run(SuiteRunner.java:326)
at org.testng.SuiteRunnerWorker.runSuite(SuiteRunnerWorker.java:52)
at org.testng.SuiteRunnerWorker.run(SuiteRunnerWorker.java:95)
at org.testng.TestNG.runSuitesSequentially(TestNG.java:1249)
at org.testng.TestNG.runSuitesLocally(TestNG.java:1169)
at org.testng.TestNG.runSuites(TestNG.java:1092)
at org.testng.TestNG.run(TestNG.java:1060)
at org.apache.maven.surefire.testng.TestNGExecutor.run(TestNGExecutor.java:324)
at org.apache.maven.surefire.testng.TestNGXmlTestSuite.execute(TestNGXmlTestSuite.java:74)
at org.apache.maven.surefire.testng.TestNGProvider.invoke(TestNGProvider.java:123)
at org.apache.maven.surefire.booter.ForkedBooter.runSuitesInProcess(ForkedBooter.java:456)
at org.apache.maven.surefire.booter.ForkedBooter.execute(ForkedBooter.java:169)
at org.apache.maven.surefire.booter.ForkedBooter.run(ForkedBooter.java:595)
at org.apache.maven.surefire.booter.ForkedBooter.main(ForkedBooter.java:581)
]]>
            </full-stacktrace>
          </exception> <!-- java.lang.AssertionError -->
          <reporter-output>
          </reporter-output>
        </test-method> <!-- treeTest -->
        <test-method retried="true" signature="treeTest()[pri:3, instance:com.dsalgo.qa.testcases.TreeTest@3fd2322d]" started-at="2022-05-16T12:47:09 PDT" name="treeTest" description="verifying tree page" finished-at="2022-05-16T12:47:09 PDT" duration-ms="202" status="SKIP">
          <exception class="java.lang.AssertionError">
            <message>
              <![CDATA[expected [Tree12345] but found [Tree]]]>
            </message>
            <full-stacktrace>
              <![CDATA[java.lang.AssertionError: expected [Tree12345] but found [Tree]
at org.testng.Assert.fail(Assert.java:110)
at org.testng.Assert.failNotEquals(Assert.java:1413)
at org.testng.Assert.assertEqualsImpl(Assert.java:149)
at org.testng.Assert.assertEquals(Assert.java:131)
at org.testng.Assert.assertEquals(Assert.java:655)
at org.testng.Assert.assertEquals(Assert.java:665)
at com.dsalgo.qa.testcases.TreeTest.treeTest(TreeTest.java:149)
at java.base/jdk.internal.reflect.NativeMethodAccessorImpl.invoke0(Native Method)
at java.base/jdk.internal.reflect.NativeMethodAccessorImpl.invoke(NativeMethodAccessorImpl.java:62)
at java.base/jdk.internal.reflect.DelegatingMethodAccessorImpl.invoke(DelegatingMethodAccessorImpl.java:43)
at java.base/java.lang.reflect.Method.invoke(Method.java:566)
at org.testng.internal.invokers.MethodInvocationHelper.invokeMethod(MethodInvocationHelper.java:135)
at org.testng.internal.invokers.TestInvoker.invokeMethod(TestInvoker.java:673)
at org.testng.internal.invokers.TestInvoker.retryFailed(TestInvoker.java:262)
at org.testng.internal.invokers.MethodRunner.runInSequence(MethodRunner.java:62)
at org.testng.internal.invokers.TestInvoker$MethodInvocationAgent.invoke(TestInvoker.java:945)
at org.testng.internal.invokers.TestInvoker.invokeTestMethods(TestInvoker.java:193)
at org.testng.internal.invokers.TestMethodWorker.invokeTestMethods(TestMethodWorker.java:146)
at org.testng.internal.invokers.TestMethodWorker.run(TestMethodWorker.java:128)
at java.base/java.util.ArrayList.forEach(ArrayList.java:1541)
at org.testng.TestRunner.privateRun(TestRunner.java:808)
at org.testng.TestRunner.run(TestRunner.java:603)
at org.testng.SuiteRunner.runTest(SuiteRunner.java:429)
at org.testng.SuiteRunner.runSequentially(SuiteRunner.java:423)
at org.testng.SuiteRunner.privateRun(SuiteRunner.java:383)
at org.testng.SuiteRunner.run(SuiteRunner.java:326)
at org.testng.SuiteRunnerWorker.runSuite(SuiteRunnerWorker.java:52)
at org.testng.SuiteRunnerWorker.run(SuiteRunnerWorker.java:95)
at org.testng.TestNG.runSuitesSequentially(TestNG.java:1249)
at org.testng.TestNG.runSuitesLocally(TestNG.java:1169)
at org.testng.TestNG.runSuites(TestNG.java:1092)
at org.testng.TestNG.run(TestNG.java:1060)
at org.apache.maven.surefire.testng.TestNGExecutor.run(TestNGExecutor.java:324)
at org.apache.maven.surefire.testng.TestNGXmlTestSuite.execute(TestNGXmlTestSuite.java:74)
at org.apache.maven.surefire.testng.TestNGProvider.invoke(TestNGProvider.java:123)
at org.apache.maven.surefire.booter.ForkedBooter.runSuitesInProcess(ForkedBooter.java:456)
at org.apache.maven.surefire.booter.ForkedBooter.execute(ForkedBooter.java:169)
at org.apache.maven.surefire.booter.ForkedBooter.run(ForkedBooter.java:595)
at org.apache.maven.surefire.booter.ForkedBooter.main(ForkedBooter.java:581)
]]>
            </full-stacktrace>
          </exception> <!-- java.lang.AssertionError -->
          <reporter-output>
          </reporter-output>
        </test-method> <!-- treeTest -->
        <test-method signature="treeTest()[pri:3, instance:com.dsalgo.qa.testcases.TreeTest@3fd2322d]" started-at="2022-05-16T12:47:09 PDT" name="treeTest" description="verifying tree page" finished-at="2022-05-16T12:47:09 PDT" duration-ms="182" status="FAIL">
          <exception class="java.lang.AssertionError">
            <message>
              <![CDATA[expected [Tree12345] but found [Tree]]]>
            </message>
            <full-stacktrace>
              <![CDATA[java.lang.AssertionError: expected [Tree12345] but found [Tree]
at org.testng.Assert.fail(Assert.java:110)
at org.testng.Assert.failNotEquals(Assert.java:1413)
at org.testng.Assert.assertEqualsImpl(Assert.java:149)
at org.testng.Assert.assertEquals(Assert.java:131)
at org.testng.Assert.assertEquals(Assert.java:655)
at org.testng.Assert.assertEquals(Assert.java:665)
at com.dsalgo.qa.testcases.TreeTest.treeTest(TreeTest.java:149)
at java.base/jdk.internal.reflect.NativeMethodAccessorImpl.invoke0(Native Method)
at java.base/jdk.internal.reflect.NativeMethodAccessorImpl.invoke(NativeMethodAccessorImpl.java:62)
at java.base/jdk.internal.reflect.DelegatingMethodAccessorImpl.invoke(DelegatingMethodAccessorImpl.java:43)
at java.base/java.lang.reflect.Method.invoke(Method.java:566)
at org.testng.internal.invokers.MethodInvocationHelper.invokeMethod(MethodInvocationHelper.java:135)
at org.testng.internal.invokers.TestInvoker.invokeMethod(TestInvoker.java:673)
at org.testng.internal.invokers.TestInvoker.retryFailed(TestInvoker.java:262)
at org.testng.internal.invokers.MethodRunner.runInSequence(MethodRunner.java:62)
at org.testng.internal.invokers.TestInvoker$MethodInvocationAgent.invoke(TestInvoker.java:945)
at org.testng.internal.invokers.TestInvoker.invokeTestMethods(TestInvoker.java:193)
at org.testng.internal.invokers.TestMethodWorker.invokeTestMethods(TestMethodWorker.java:146)
at org.testng.internal.invokers.TestMethodWorker.run(TestMethodWorker.java:128)
at java.base/java.util.ArrayList.forEach(ArrayList.java:1541)
at org.testng.TestRunner.privateRun(TestRunner.java:808)
at org.testng.TestRunner.run(TestRunner.java:603)
at org.testng.SuiteRunner.runTest(SuiteRunner.java:429)
at org.testng.SuiteRunner.runSequentially(SuiteRunner.java:423)
at org.testng.SuiteRunner.privateRun(SuiteRunner.java:383)
at org.testng.SuiteRunner.run(SuiteRunner.java:326)
at org.testng.SuiteRunnerWorker.runSuite(SuiteRunnerWorker.java:52)
at org.testng.SuiteRunnerWorker.run(SuiteRunnerWorker.java:95)
at org.testng.TestNG.runSuitesSequentially(TestNG.java:1249)
at org.testng.TestNG.runSuitesLocally(TestNG.java:1169)
at org.testng.TestNG.runSuites(TestNG.java:1092)
at org.testng.TestNG.run(TestNG.java:1060)
at org.apache.maven.surefire.testng.TestNGExecutor.run(TestNGExecutor.java:324)
at org.apache.maven.surefire.testng.TestNGXmlTestSuite.execute(TestNGXmlTestSuite.java:74)
at org.apache.maven.surefire.testng.TestNGProvider.invoke(TestNGProvider.java:123)
at org.apache.maven.surefire.booter.ForkedBooter.runSuitesInProcess(ForkedBooter.java:456)
at org.apache.maven.surefire.booter.ForkedBooter.execute(ForkedBooter.java:169)
at org.apache.maven.surefire.booter.ForkedBooter.run(ForkedBooter.java:595)
at org.apache.maven.surefire.booter.ForkedBooter.main(ForkedBooter.java:581)
]]>
            </full-stacktrace>
          </exception> <!-- java.lang.AssertionError -->
          <reporter-output>
          </reporter-output>
        </test-method> <!-- treeTest -->
        <test-method signature="treeLink1Test()[pri:4, instance:com.dsalgo.qa.testcases.TreeTest@3fd2322d]" started-at="2022-05-16T12:47:09 PDT" name="treeLink1Test" finished-at="2022-05-16T12:47:11 PDT" duration-ms="1635" status="PASS">
          <reporter-output>
          </reporter-output>
        </test-method> <!-- treeLink1Test -->
        <test-method signature="link1EditorTest()[pri:5, instance:com.dsalgo.qa.testcases.TreeTest@3fd2322d]" started-at="2022-05-16T12:47:11 PDT" name="link1EditorTest" finished-at="2022-05-16T12:47:12 PDT" duration-ms="945" status="PASS">
          <reporter-output>
          </reporter-output>
        </test-method> <!-- link1EditorTest -->
        <test-method signature="treelink2Test()[pri:6, instance:com.dsalgo.qa.testcases.TreeTest@3fd2322d]" started-at="2022-05-16T12:47:12 PDT" name="treelink2Test" finished-at="2022-05-16T12:47:13 PDT" duration-ms="956" status="PASS">
          <reporter-output>
          </reporter-output>
        </test-method> <!-- treelink2Test -->
        <test-method signature="link2EditorTest()[pri:7, instance:com.dsalgo.qa.testcases.TreeTest@3fd2322d]" started-at="2022-05-16T12:47:13 PDT" name="link2EditorTest" finished-at="2022-05-16T12:47:14 PDT" duration-ms="895" status="PASS">
          <reporter-output>
          </reporter-output>
        </test-method> <!-- link2EditorTest -->
        <test-method signature="treelink3Test()[pri:8, instance:com.dsalgo.qa.testcases.TreeTest@3fd2322d]" started-at="2022-05-16T12:47:14 PDT" name="treelink3Test" finished-at="2022-05-16T12:47:15 PDT" duration-ms="1242" status="PASS">
          <reporter-output>
          </reporter-output>
        </test-method> <!-- treelink3Test -->
        <test-method signature="link3EditorTest()[pri:9, instance:com.dsalgo.qa.testcases.TreeTest@3fd2322d]" started-at="2022-05-16T12:47:15 PDT" name="link3EditorTest" finished-at="2022-05-16T12:47:17 PDT" duration-ms="1750" status="PASS">
          <reporter-output>
          </reporter-output>
        </test-method> <!-- link3EditorTest -->
        <test-method signature="treelink4Test()[pri:10, instance:com.dsalgo.qa.testcases.TreeTest@3fd2322d]" started-at="2022-05-16T12:47:17 PDT" name="treelink4Test" finished-at="2022-05-16T12:47:18 PDT" duration-ms="1019" status="PASS">
          <reporter-output>
          </reporter-output>
        </test-method> <!-- treelink4Test -->
        <test-method signature="link4EditorTest()[pri:11, instance:com.dsalgo.qa.testcases.TreeTest@3fd2322d]" started-at="2022-05-16T12:47:18 PDT" name="link4EditorTest" finished-at="2022-05-16T12:47:19 PDT" duration-ms="889" status="PASS">
          <reporter-output>
          </reporter-output>
        </test-method> <!-- link4EditorTest -->
        <test-method signature="treelink5Test()[pri:12, instance:com.dsalgo.qa.testcases.TreeTest@3fd2322d]" started-at="2022-05-16T12:47:19 PDT" name="treelink5Test" finished-at="2022-05-16T12:47:20 PDT" duration-ms="1076" status="PASS">
          <reporter-output>
          </reporter-output>
        </test-method> <!-- treelink5Test -->
        <test-method signature="link5EditorTest()[pri:13, instance:com.dsalgo.qa.testcases.TreeTest@3fd2322d]" started-at="2022-05-16T12:47:20 PDT" name="link5EditorTest" finished-at="2022-05-16T12:47:21 PDT" duration-ms="1001" status="PASS">
          <reporter-output>
          </reporter-output>
        </test-method> <!-- link5EditorTest -->
        <test-method signature="treelink6Test()[pri:14, instance:com.dsalgo.qa.testcases.TreeTest@3fd2322d]" started-at="2022-05-16T12:47:21 PDT" name="treelink6Test" finished-at="2022-05-16T12:47:22 PDT" duration-ms="1132" status="PASS">
          <reporter-output>
          </reporter-output>
        </test-method> <!-- treelink6Test -->
        <test-method signature="link6EditorTest()[pri:15, instance:com.dsalgo.qa.testcases.TreeTest@3fd2322d]" started-at="2022-05-16T12:47:22 PDT" name="link6EditorTest" finished-at="2022-05-16T12:47:23 PDT" duration-ms="976" status="PASS">
          <reporter-output>
          </reporter-output>
        </test-method> <!-- link6EditorTest -->
        <test-method signature="treelink7Test()[pri:16, instance:com.dsalgo.qa.testcases.TreeTest@3fd2322d]" started-at="2022-05-16T12:47:23 PDT" name="treelink7Test" finished-at="2022-05-16T12:47:24 PDT" duration-ms="1205" status="PASS">
          <reporter-output>
          </reporter-output>
        </test-method> <!-- treelink7Test -->
        <test-method signature="link7EditorTest()[pri:17, instance:com.dsalgo.qa.testcases.TreeTest@3fd2322d]" started-at="2022-05-16T12:47:24 PDT" name="link7EditorTest" finished-at="2022-05-16T12:47:25 PDT" duration-ms="914" status="PASS">
          <reporter-output>
          </reporter-output>
        </test-method> <!-- link7EditorTest -->
        <test-method signature="treelink8Test()[pri:18, instance:com.dsalgo.qa.testcases.TreeTest@3fd2322d]" started-at="2022-05-16T12:47:25 PDT" name="treelink8Test" finished-at="2022-05-16T12:47:26 PDT" duration-ms="1239" status="PASS">
          <reporter-output>
          </reporter-output>
        </test-method> <!-- treelink8Test -->
        <test-method signature="link8EditorTest()[pri:19, instance:com.dsalgo.qa.testcases.TreeTest@3fd2322d]" started-at="2022-05-16T12:47:26 PDT" name="link8EditorTest" finished-at="2022-05-16T12:47:27 PDT" duration-ms="910" status="PASS">
          <reporter-output>
          </reporter-output>
        </test-method> <!-- link8EditorTest -->
        <test-method is-config="true" signature="tearDown()[pri:0, instance:com.dsalgo.qa.testcases.TreeTest@3fd2322d]" started-at="2022-05-16T12:47:27 PDT" name="tearDown" finished-at="2022-05-16T12:47:28 PDT" duration-ms="568" status="PASS">
          <reporter-output>
          </reporter-output>
        </test-method> <!-- tearDown -->
      </class> <!-- com.dsalgo.qa.testcases.TreeTest -->
    </test> <!-- DSPortal Heroku Application tree Test Cases  -->
    <test started-at="2022-05-16T12:47:28 PDT" name="DSPortal Heroku Application Data Structue Test Cases" finished-at="2022-05-16T12:47:41 PDT" duration-ms="13246">
      <class name="com.dsalgo.qa.testcases.DataStructurePageTest">
        <test-method is-config="true" signature="Setup()[pri:0, instance:com.dsalgo.qa.testcases.DataStructurePageTest@2f1ea80d]" started-at="2022-05-16T12:47:28 PDT" name="Setup" finished-at="2022-05-16T12:47:31 PDT" duration-ms="3387" status="PASS">
          <reporter-output>
          </reporter-output>
        </test-method> <!-- Setup -->
        <test-method signature="firstlinkTest()[pri:0, instance:com.dsalgo.qa.testcases.DataStructurePageTest@2f1ea80d]" started-at="2022-05-16T12:47:31 PDT" name="firstlinkTest" finished-at="2022-05-16T12:47:34 PDT" duration-ms="2685" status="PASS">
          <reporter-output>
          </reporter-output>
        </test-method> <!-- firstlinkTest -->
        <test-method is-config="true" signature="tearDown()[pri:0, instance:com.dsalgo.qa.testcases.DataStructurePageTest@2f1ea80d]" started-at="2022-05-16T12:47:34 PDT" name="tearDown" finished-at="2022-05-16T12:47:34 PDT" duration-ms="108" status="PASS">
          <reporter-output>
          </reporter-output>
        </test-method> <!-- tearDown -->
        <test-method is-config="true" signature="Setup()[pri:0, instance:com.dsalgo.qa.testcases.DataStructurePageTest@2f1ea80d]" started-at="2022-05-16T12:47:34 PDT" name="Setup" finished-at="2022-05-16T12:47:37 PDT" duration-ms="3294" status="PASS">
          <reporter-output>
          </reporter-output>
        </test-method> <!-- Setup -->
        <test-method signature="loginTest()[pri:0, instance:com.dsalgo.qa.testcases.DataStructurePageTest@2f1ea80d]" started-at="2022-05-16T12:47:37 PDT" name="loginTest" finished-at="2022-05-16T12:47:37 PDT" duration-ms="6" status="PASS">
          <reporter-output>
          </reporter-output>
        </test-method> <!-- loginTest -->
        <test-method is-config="true" signature="tearDown()[pri:0, instance:com.dsalgo.qa.testcases.DataStructurePageTest@2f1ea80d]" started-at="2022-05-16T12:47:37 PDT" name="tearDown" finished-at="2022-05-16T12:47:37 PDT" duration-ms="105" status="PASS">
          <reporter-output>
          </reporter-output>
        </test-method> <!-- tearDown -->
        <test-method is-config="true" signature="Setup()[pri:0, instance:com.dsalgo.qa.testcases.DataStructurePageTest@2f1ea80d]" started-at="2022-05-16T12:47:37 PDT" name="Setup" finished-at="2022-05-16T12:47:40 PDT" duration-ms="2977" status="PASS">
          <reporter-output>
          </reporter-output>
        </test-method> <!-- Setup -->
        <test-method signature="moduleTest()[pri:0, instance:com.dsalgo.qa.testcases.DataStructurePageTest@2f1ea80d]" started-at="2022-05-16T12:47:40 PDT" name="moduleTest" finished-at="2022-05-16T12:47:41 PDT" duration-ms="572" status="PASS">
          <reporter-output>
          </reporter-output>
        </test-method> <!-- moduleTest -->
        <test-method is-config="true" signature="tearDown()[pri:0, instance:com.dsalgo.qa.testcases.DataStructurePageTest@2f1ea80d]" started-at="2022-05-16T12:47:41 PDT" name="tearDown" finished-at="2022-05-16T12:47:41 PDT" duration-ms="105" status="PASS">
          <reporter-output>
          </reporter-output>
        </test-method> <!-- tearDown -->
      </class> <!-- com.dsalgo.qa.testcases.DataStructurePageTest -->
    </test> <!-- DSPortal Heroku Application Data Structue Test Cases -->
  </suite> <!-- DSPortal Heroku Application Test Automation Test Suite  -->
</testng-results>
